<?xml version="1.0" encoding="UTF-8"?>
<testsuites>
  <testsuite name="/var/www/html/phpunit.xml" tests="613" assertions="2216" errors="0" failures="0" skipped="25" time="124.576848">
    <testsuite name="Core" tests="613" assertions="2216" errors="0" failures="0" skipped="25" time="124.576848">
      <testsuite name="Tests\Feature\API\Subscription\SubscriptionPlanAddonsTest" file="/var/www/html/tests/Feature/API/Subscription/SubscriptionPlanAddonsTest.php" tests="56" assertions="158" errors="0" failures="0" skipped="0" time="10.176237">
        <testcase name="subscription_plan_can_have_addons" file="/var/www/html/tests/Feature/API/Subscription/SubscriptionPlanAddonsTest.php" line="56" class="Tests\Feature\API\Subscription\SubscriptionPlanAddonsTest" classname="Tests.Feature.API.Subscription.SubscriptionPlanAddonsTest" assertions="4" time="2.545823">
          <system-out>DASH App Modules Seeders (Info):
• Domain\Database\Seeders\Common\LanguageSeeder
• Domain\Database\Seeders\Extended\RoleSeeder

 • Tenancy (account) created: DASH Account (tenancy@dashpanel.cl)
 • Default Tenant 'DASH' linked to Tenancy 'DASH Account'
 • System Admin associated with tenant: DASH
 • System Admin created: SYSTEM ADMIN (admin@example.com) - Role: System
 • Tenancy Admin associated with tenancy: DASH Account
 • Tenancy Admin associated with tenant: DASH
 • Tenancy Admin created: TENANCY ADMIN (tenancy@dashpanel.cl) - Role: TenancyAdmin
 • Tenant Admin associated with tenant: DASH
 • Tenant Admin created: TENANT ADMIN (tenant@example.com) - Role: Tenant
 • Normal User associated with tenant: DASH
 • Normal User created: NORMAL USER (user@example.com) - Role: User

DASH Sync Roles 

DASH Update Revisions 
</system-out>
        </testcase>
        <testcase name="subscription_plan_has_addon_method_returns_true_for_enabled_addon" file="/var/www/html/tests/Feature/API/Subscription/SubscriptionPlanAddonsTest.php" line="73" class="Tests\Feature\API\Subscription\SubscriptionPlanAddonsTest" classname="Tests.Feature.API.Subscription.SubscriptionPlanAddonsTest" assertions="1" time="0.112853"/>
        <testcase name="subscription_plan_has_addon_method_returns_false_for_disabled_addon" file="/var/www/html/tests/Feature/API/Subscription/SubscriptionPlanAddonsTest.php" line="85" class="Tests\Feature\API\Subscription\SubscriptionPlanAddonsTest" classname="Tests.Feature.API.Subscription.SubscriptionPlanAddonsTest" assertions="1" time="0.124601"/>
        <testcase name="subscription_plan_has_addon_method_returns_false_for_missing_addon" file="/var/www/html/tests/Feature/API/Subscription/SubscriptionPlanAddonsTest.php" line="97" class="Tests\Feature\API\Subscription\SubscriptionPlanAddonsTest" classname="Tests.Feature.API.Subscription.SubscriptionPlanAddonsTest" assertions="1" time="0.118159"/>
        <testcase name="subscription_plan_get_addon_returns_default_for_missing_addon" file="/var/www/html/tests/Feature/API/Subscription/SubscriptionPlanAddonsTest.php" line="107" class="Tests\Feature\API\Subscription\SubscriptionPlanAddonsTest" classname="Tests.Feature.API.Subscription.SubscriptionPlanAddonsTest" assertions="2" time="0.102515"/>
        <testcase name="subscription_plan_get_all_addons_returns_merged_defaults_with_plan_addons" file="/var/www/html/tests/Feature/API/Subscription/SubscriptionPlanAddonsTest.php" line="120" class="Tests\Feature\API\Subscription\SubscriptionPlanAddonsTest" classname="Tests.Feature.API.Subscription.SubscriptionPlanAddonsTest" assertions="1" time="0.101340"/>
        <testcase name="subscription_plan_get_enabled_addons_returns_only_enabled" file="/var/www/html/tests/Feature/API/Subscription/SubscriptionPlanAddonsTest.php" line="141" class="Tests\Feature\API\Subscription\SubscriptionPlanAddonsTest" classname="Tests.Feature.API.Subscription.SubscriptionPlanAddonsTest" assertions="4" time="0.119845"/>
        <testcase name="subscription_plan_has_marketplace_addons_returns_true_when_any_marketplace_enabled" file="/var/www/html/tests/Feature/API/Subscription/SubscriptionPlanAddonsTest.php" line="161" class="Tests\Feature\API\Subscription\SubscriptionPlanAddonsTest" classname="Tests.Feature.API.Subscription.SubscriptionPlanAddonsTest" assertions="1" time="0.114791"/>
        <testcase name="subscription_plan_has_marketplace_addons_returns_false_when_none_enabled" file="/var/www/html/tests/Feature/API/Subscription/SubscriptionPlanAddonsTest.php" line="174" class="Tests\Feature\API\Subscription\SubscriptionPlanAddonsTest" classname="Tests.Feature.API.Subscription.SubscriptionPlanAddonsTest" assertions="1" time="0.117526"/>
        <testcase name="subscription_plan_has_pos_addons_returns_true_when_any_pos_enabled" file="/var/www/html/tests/Feature/API/Subscription/SubscriptionPlanAddonsTest.php" line="187" class="Tests\Feature\API\Subscription\SubscriptionPlanAddonsTest" classname="Tests.Feature.API.Subscription.SubscriptionPlanAddonsTest" assertions="1" time="0.143371"/>
        <testcase name="subscription_plan_has_pos_addons_returns_false_when_none_enabled" file="/var/www/html/tests/Feature/API/Subscription/SubscriptionPlanAddonsTest.php" line="200" class="Tests\Feature\API\Subscription\SubscriptionPlanAddonsTest" classname="Tests.Feature.API.Subscription.SubscriptionPlanAddonsTest" assertions="1" time="0.114578"/>
        <testcase name="subscription_plan_get_enabled_marketplace_addons_filters_correctly" file="/var/www/html/tests/Feature/API/Subscription/SubscriptionPlanAddonsTest.php" line="213" class="Tests\Feature\API\Subscription\SubscriptionPlanAddonsTest" classname="Tests.Feature.API.Subscription.SubscriptionPlanAddonsTest" assertions="4" time="0.106295"/>
        <testcase name="subscription_plan_get_enabled_pos_addons_filters_correctly" file="/var/www/html/tests/Feature/API/Subscription/SubscriptionPlanAddonsTest.php" line="233" class="Tests\Feature\API\Subscription\SubscriptionPlanAddonsTest" classname="Tests.Feature.API.Subscription.SubscriptionPlanAddonsTest" assertions="4" time="0.152625"/>
        <testcase name="subscription_plan_get_addon_service_class_returns_class_from_config" file="/var/www/html/tests/Feature/API/Subscription/SubscriptionPlanAddonsTest.php" line="253" class="Tests\Feature\API\Subscription\SubscriptionPlanAddonsTest" classname="Tests.Feature.API.Subscription.SubscriptionPlanAddonsTest" assertions="2" time="0.117211"/>
        <testcase name="tenancy_subscription_has_addon_delegates_to_plan" file="/var/www/html/tests/Feature/API/Subscription/SubscriptionPlanAddonsTest.php" line="273" class="Tests\Feature\API\Subscription\SubscriptionPlanAddonsTest" classname="Tests.Feature.API.Subscription.SubscriptionPlanAddonsTest" assertions="2" time="0.103321"/>
        <testcase name="tenancy_subscription_get_enabled_addons_returns_plan_addons" file="/var/www/html/tests/Feature/API/Subscription/SubscriptionPlanAddonsTest.php" line="292" class="Tests\Feature\API\Subscription\SubscriptionPlanAddonsTest" classname="Tests.Feature.API.Subscription.SubscriptionPlanAddonsTest" assertions="2" time="0.118572"/>
        <testcase name="tenancy_subscription_has_marketplace_addons_delegates_to_plan" file="/var/www/html/tests/Feature/API/Subscription/SubscriptionPlanAddonsTest.php" line="314" class="Tests\Feature\API\Subscription\SubscriptionPlanAddonsTest" classname="Tests.Feature.API.Subscription.SubscriptionPlanAddonsTest" assertions="1" time="0.114645"/>
        <testcase name="tenancy_subscription_has_pos_addons_delegates_to_plan" file="/var/www/html/tests/Feature/API/Subscription/SubscriptionPlanAddonsTest.php" line="332" class="Tests\Feature\API\Subscription\SubscriptionPlanAddonsTest" classname="Tests.Feature.API.Subscription.SubscriptionPlanAddonsTest" assertions="1" time="0.109431"/>
        <testcase name="it_can_create_subscription_plan_with_addons" file="/var/www/html/tests/Feature/API/Subscription/SubscriptionPlanAddonsTest.php" line="354" class="Tests\Feature\API\Subscription\SubscriptionPlanAddonsTest" classname="Tests.Feature.API.Subscription.SubscriptionPlanAddonsTest" assertions="5" time="0.142225"/>
        <testcase name="it_can_update_subscription_plan_addons" file="/var/www/html/tests/Feature/API/Subscription/SubscriptionPlanAddonsTest.php" line="393" class="Tests\Feature\API\Subscription\SubscriptionPlanAddonsTest" classname="Tests.Feature.API.Subscription.SubscriptionPlanAddonsTest" assertions="4" time="0.142349"/>
        <testcase name="it_can_get_addon_formats_from_config" file="/var/www/html/tests/Feature/API/Subscription/SubscriptionPlanAddonsTest.php" line="426" class="Tests\Feature\API\Subscription\SubscriptionPlanAddonsTest" classname="Tests.Feature.API.Subscription.SubscriptionPlanAddonsTest" assertions="6" time="0.109039"/>
        <testcase name="it_can_get_all_formats_limit_and_addons" file="/var/www/html/tests/Feature/API/Subscription/SubscriptionPlanAddonsTest.php" line="449" class="Tests\Feature\API\Subscription\SubscriptionPlanAddonsTest" classname="Tests.Feature.API.Subscription.SubscriptionPlanAddonsTest" assertions="5" time="0.111390"/>
        <testcase name="subscription_plan_resource_includes_addons_in_response" file="/var/www/html/tests/Feature/API/Subscription/SubscriptionPlanAddonsTest.php" line="467" class="Tests\Feature\API\Subscription\SubscriptionPlanAddonsTest" classname="Tests.Feature.API.Subscription.SubscriptionPlanAddonsTest" assertions="9" time="0.110988"/>
        <testcase name="addon_formats_include_correct_structure" file="/var/www/html/tests/Feature/API/Subscription/SubscriptionPlanAddonsTest.php" line="495" class="Tests\Feature\API\Subscription\SubscriptionPlanAddonsTest" classname="Tests.Feature.API.Subscription.SubscriptionPlanAddonsTest" assertions="25" time="0.111764"/>
        <testcase name="addon_formats_are_grouped_by_category" file="/var/www/html/tests/Feature/API/Subscription/SubscriptionPlanAddonsTest.php" line="517" class="Tests\Feature\API\Subscription\SubscriptionPlanAddonsTest" classname="Tests.Feature.API.Subscription.SubscriptionPlanAddonsTest" assertions="3" time="0.100916"/>
        <testcase name="subscription_plan_handles_null_addons_gracefully" file="/var/www/html/tests/Feature/API/Subscription/SubscriptionPlanAddonsTest.php" line="537" class="Tests\Feature\API\Subscription\SubscriptionPlanAddonsTest" classname="Tests.Feature.API.Subscription.SubscriptionPlanAddonsTest" assertions="4" time="0.101740"/>
        <testcase name="subscription_plan_handles_empty_addons_array" file="/var/www/html/tests/Feature/API/Subscription/SubscriptionPlanAddonsTest.php" line="551" class="Tests\Feature\API\Subscription\SubscriptionPlanAddonsTest" classname="Tests.Feature.API.Subscription.SubscriptionPlanAddonsTest" assertions="2" time="0.100341"/>
        <testcase name="tenancy_subscription_handles_plan_without_addons" file="/var/www/html/tests/Feature/API/Subscription/SubscriptionPlanAddonsTest.php" line="562" class="Tests\Feature\API\Subscription\SubscriptionPlanAddonsTest" classname="Tests.Feature.API.Subscription.SubscriptionPlanAddonsTest" assertions="2" time="0.098550"/>
        <testcase name="addon_validation_rejects_invalid_addon_values" file="/var/www/html/tests/Feature/API/Subscription/SubscriptionPlanAddonsTest.php" line="580" class="Tests\Feature\API\Subscription\SubscriptionPlanAddonsTest" classname="Tests.Feature.API.Subscription.SubscriptionPlanAddonsTest" assertions="2" time="0.108323"/>
        <testcase name="subscription_plan_can_have_addon_prices" file="/var/www/html/tests/Feature/API/Subscription/SubscriptionPlanAddonsTest.php" line="611" class="Tests\Feature\API\Subscription\SubscriptionPlanAddonsTest" classname="Tests.Feature.API.Subscription.SubscriptionPlanAddonsTest" assertions="3" time="0.118759"/>
        <testcase name="get_addon_price_returns_correct_price_for_currency" file="/var/www/html/tests/Feature/API/Subscription/SubscriptionPlanAddonsTest.php" line="628" class="Tests\Feature\API\Subscription\SubscriptionPlanAddonsTest" classname="Tests.Feature.API.Subscription.SubscriptionPlanAddonsTest" assertions="2" time="0.099753"/>
        <testcase name="get_addon_price_returns_zero_for_missing_addon" file="/var/www/html/tests/Feature/API/Subscription/SubscriptionPlanAddonsTest.php" line="644" class="Tests\Feature\API\Subscription\SubscriptionPlanAddonsTest" classname="Tests.Feature.API.Subscription.SubscriptionPlanAddonsTest" assertions="1" time="0.103198"/>
        <testcase name="get_addon_price_uses_default_currency_when_not_specified" file="/var/www/html/tests/Feature/API/Subscription/SubscriptionPlanAddonsTest.php" line="655" class="Tests\Feature\API\Subscription\SubscriptionPlanAddonsTest" classname="Tests.Feature.API.Subscription.SubscriptionPlanAddonsTest" assertions="1" time="0.112969"/>
        <testcase name="get_addon_prices_returns_all_currency_prices" file="/var/www/html/tests/Feature/API/Subscription/SubscriptionPlanAddonsTest.php" line="671" class="Tests\Feature\API\Subscription\SubscriptionPlanAddonsTest" classname="Tests.Feature.API.Subscription.SubscriptionPlanAddonsTest" assertions="4" time="0.105556"/>
        <testcase name="set_addon_price_updates_price_for_currency" file="/var/www/html/tests/Feature/API/Subscription/SubscriptionPlanAddonsTest.php" line="691" class="Tests\Feature\API\Subscription\SubscriptionPlanAddonsTest" classname="Tests.Feature.API.Subscription.SubscriptionPlanAddonsTest" assertions="1" time="0.104494"/>
        <testcase name="set_addon_prices_sets_all_currencies_at_once" file="/var/www/html/tests/Feature/API/Subscription/SubscriptionPlanAddonsTest.php" line="708" class="Tests\Feature\API\Subscription\SubscriptionPlanAddonsTest" classname="Tests.Feature.API.Subscription.SubscriptionPlanAddonsTest" assertions="2" time="0.112387"/>
        <testcase name="get_enabled_addons_with_prices_returns_addon_info_with_prices" file="/var/www/html/tests/Feature/API/Subscription/SubscriptionPlanAddonsTest.php" line="725" class="Tests\Feature\API\Subscription\SubscriptionPlanAddonsTest" classname="Tests.Feature.API.Subscription.SubscriptionPlanAddonsTest" assertions="5" time="0.100855"/>
        <testcase name="get_enabled_addons_with_prices_can_filter_by_currency" file="/var/www/html/tests/Feature/API/Subscription/SubscriptionPlanAddonsTest.php" line="748" class="Tests\Feature\API\Subscription\SubscriptionPlanAddonsTest" classname="Tests.Feature.API.Subscription.SubscriptionPlanAddonsTest" assertions="3" time="0.113841"/>
        <testcase name="get_total_addons_cost_calculates_sum_of_enabled_addon_prices" file="/var/www/html/tests/Feature/API/Subscription/SubscriptionPlanAddonsTest.php" line="767" class="Tests\Feature\API\Subscription\SubscriptionPlanAddonsTest" classname="Tests.Feature.API.Subscription.SubscriptionPlanAddonsTest" assertions="2" time="0.147568"/>
        <testcase name="get_priced_addons_returns_only_addons_with_price_greater_than_zero" file="/var/www/html/tests/Feature/API/Subscription/SubscriptionPlanAddonsTest.php" line="788" class="Tests\Feature\API\Subscription\SubscriptionPlanAddonsTest" classname="Tests.Feature.API.Subscription.SubscriptionPlanAddonsTest" assertions="3" time="0.094246"/>
        <testcase name="subscription_plan_can_store_flow_addon_item_ids" file="/var/www/html/tests/Feature/API/Subscription/SubscriptionPlanAddonsTest.php" line="815" class="Tests\Feature\API\Subscription\SubscriptionPlanAddonsTest" classname="Tests.Feature.API.Subscription.SubscriptionPlanAddonsTest" assertions="2" time="0.109437"/>
        <testcase name="get_flow_addon_item_id_returns_stored_id" file="/var/www/html/tests/Feature/API/Subscription/SubscriptionPlanAddonsTest.php" line="831" class="Tests\Feature\API\Subscription\SubscriptionPlanAddonsTest" classname="Tests.Feature.API.Subscription.SubscriptionPlanAddonsTest" assertions="1" time="0.111692"/>
        <testcase name="get_flow_addon_item_id_returns_null_for_missing_addon" file="/var/www/html/tests/Feature/API/Subscription/SubscriptionPlanAddonsTest.php" line="846" class="Tests\Feature\API\Subscription\SubscriptionPlanAddonsTest" classname="Tests.Feature.API.Subscription.SubscriptionPlanAddonsTest" assertions="1" time="0.110170"/>
        <testcase name="set_flow_addon_item_id_stores_id_correctly" file="/var/www/html/tests/Feature/API/Subscription/SubscriptionPlanAddonsTest.php" line="857" class="Tests\Feature\API\Subscription\SubscriptionPlanAddonsTest" classname="Tests.Feature.API.Subscription.SubscriptionPlanAddonsTest" assertions="1" time="0.125845"/>
        <testcase name="remove_flow_addon_item_id_removes_id" file="/var/www/html/tests/Feature/API/Subscription/SubscriptionPlanAddonsTest.php" line="873" class="Tests\Feature\API\Subscription\SubscriptionPlanAddonsTest" classname="Tests.Feature.API.Subscription.SubscriptionPlanAddonsTest" assertions="1" time="0.110992"/>
        <testcase name="get_flow_addon_item_ids_returns_all_stored_ids" file="/var/www/html/tests/Feature/API/Subscription/SubscriptionPlanAddonsTest.php" line="892" class="Tests\Feature\API\Subscription\SubscriptionPlanAddonsTest" classname="Tests.Feature.API.Subscription.SubscriptionPlanAddonsTest" assertions="2" time="0.104310"/>
        <testcase name="addon_needs_flow_sync_returns_true_for_priced_addon_without_flow_id" file="/var/www/html/tests/Feature/API/Subscription/SubscriptionPlanAddonsTest.php" line="912" class="Tests\Feature\API\Subscription\SubscriptionPlanAddonsTest" classname="Tests.Feature.API.Subscription.SubscriptionPlanAddonsTest" assertions="1" time="0.114527"/>
        <testcase name="addon_needs_flow_sync_returns_false_for_addon_with_flow_id" file="/var/www/html/tests/Feature/API/Subscription/SubscriptionPlanAddonsTest.php" line="928" class="Tests\Feature\API\Subscription\SubscriptionPlanAddonsTest" classname="Tests.Feature.API.Subscription.SubscriptionPlanAddonsTest" assertions="1" time="0.104539"/>
        <testcase name="addon_needs_flow_sync_returns_false_for_free_addon" file="/var/www/html/tests/Feature/API/Subscription/SubscriptionPlanAddonsTest.php" line="946" class="Tests\Feature\API\Subscription\SubscriptionPlanAddonsTest" classname="Tests.Feature.API.Subscription.SubscriptionPlanAddonsTest" assertions="1" time="0.101996"/>
        <testcase name="addon_needs_flow_sync_returns_false_for_disabled_addon" file="/var/www/html/tests/Feature/API/Subscription/SubscriptionPlanAddonsTest.php" line="962" class="Tests\Feature\API\Subscription\SubscriptionPlanAddonsTest" classname="Tests.Feature.API.Subscription.SubscriptionPlanAddonsTest" assertions="1" time="0.100131"/>
        <testcase name="get_addons_needing_flow_sync_returns_all_addons_that_need_sync" file="/var/www/html/tests/Feature/API/Subscription/SubscriptionPlanAddonsTest.php" line="978" class="Tests\Feature\API\Subscription\SubscriptionPlanAddonsTest" classname="Tests.Feature.API.Subscription.SubscriptionPlanAddonsTest" assertions="3" time="0.098937"/>
        <testcase name="format_addon_price_formats_clp_correctly" file="/var/www/html/tests/Feature/API/Subscription/SubscriptionPlanAddonsTest.php" line="1004" class="Tests\Feature\API\Subscription\SubscriptionPlanAddonsTest" classname="Tests.Feature.API.Subscription.SubscriptionPlanAddonsTest" assertions="2" time="0.099308"/>
        <testcase name="format_addon_price_formats_usd_correctly" file="/var/www/html/tests/Feature/API/Subscription/SubscriptionPlanAddonsTest.php" line="1022" class="Tests\Feature\API\Subscription\SubscriptionPlanAddonsTest" classname="Tests.Feature.API.Subscription.SubscriptionPlanAddonsTest" assertions="3" time="0.111144"/>
        <testcase name="api_can_create_plan_with_addon_prices" file="/var/www/html/tests/Feature/API/Subscription/SubscriptionPlanAddonsTest.php" line="1045" class="Tests\Feature\API\Subscription\SubscriptionPlanAddonsTest" classname="Tests.Feature.API.Subscription.SubscriptionPlanAddonsTest" assertions="4" time="0.177367"/>
        <testcase name="api_can_update_addon_prices" file="/var/www/html/tests/Feature/API/Subscription/SubscriptionPlanAddonsTest.php" line="1071" class="Tests\Feature\API\Subscription\SubscriptionPlanAddonsTest" classname="Tests.Feature.API.Subscription.SubscriptionPlanAddonsTest" assertions="3" time="1.481106"/>
        <testcase name="api_returns_addon_prices_in_plan_details" file="/var/www/html/tests/Feature/API/Subscription/SubscriptionPlanAddonsTest.php" line="1106" class="Tests\Feature\API\Subscription\SubscriptionPlanAddonsTest" classname="Tests.Feature.API.Subscription.SubscriptionPlanAddonsTest" assertions="3" time="0.125985"/>
      </testsuite>
      <testsuite name="Tests\Feature\API\Subscription\SubscriptionPlanAuditTest" file="/var/www/html/tests/Feature/API/Subscription/SubscriptionPlanAuditTest.php" tests="7" assertions="64" errors="0" failures="0" skipped="0" time="1.047216">
        <testcase name="it_logs_activity_when_subscription_plan_is_created" file="/var/www/html/tests/Feature/API/Subscription/SubscriptionPlanAuditTest.php" line="37" class="Tests\Feature\API\Subscription\SubscriptionPlanAuditTest" classname="Tests.Feature.API.Subscription.SubscriptionPlanAuditTest" assertions="6" time="0.170326"/>
        <testcase name="it_logs_activity_when_subscription_plan_is_updated" file="/var/www/html/tests/Feature/API/Subscription/SubscriptionPlanAuditTest.php" line="81" class="Tests\Feature\API\Subscription\SubscriptionPlanAuditTest" classname="Tests.Feature.API.Subscription.SubscriptionPlanAuditTest" assertions="6" time="0.153460"/>
        <testcase name="it_logs_activity_when_subscription_plan_is_deleted" file="/var/www/html/tests/Feature/API/Subscription/SubscriptionPlanAuditTest.php" line="129" class="Tests\Feature\API\Subscription\SubscriptionPlanAuditTest" classname="Tests.Feature.API.Subscription.SubscriptionPlanAuditTest" assertions="3" time="0.172257"/>
        <testcase name="it_can_retrieve_audit_logs_via_api" file="/var/www/html/tests/Feature/API/Subscription/SubscriptionPlanAuditTest.php" line="160" class="Tests\Feature\API\Subscription\SubscriptionPlanAuditTest" classname="Tests.Feature.API.Subscription.SubscriptionPlanAuditTest" assertions="30" time="0.149714"/>
        <testcase name="audit_logs_capture_the_authenticated_user_as_causer" file="/var/www/html/tests/Feature/API/Subscription/SubscriptionPlanAuditTest.php" line="212" class="Tests\Feature\API\Subscription\SubscriptionPlanAuditTest" classname="Tests.Feature.API.Subscription.SubscriptionPlanAuditTest" assertions="5" time="0.126974"/>
        <testcase name="audit_logs_pagination_works_correctly" file="/var/www/html/tests/Feature/API/Subscription/SubscriptionPlanAuditTest.php" line="249" class="Tests\Feature\API\Subscription\SubscriptionPlanAuditTest" classname="Tests.Feature.API.Subscription.SubscriptionPlanAuditTest" assertions="7" time="0.169042"/>
        <testcase name="audit_log_properties_contain_old_values_on_update" file="/var/www/html/tests/Feature/API/Subscription/SubscriptionPlanAuditTest.php" line="286" class="Tests\Feature\API\Subscription\SubscriptionPlanAuditTest" classname="Tests.Feature.API.Subscription.SubscriptionPlanAuditTest" assertions="7" time="0.105443"/>
      </testsuite>
      <testsuite name="Tests\Feature\API\Subscription\SubscriptionPlanManagementTest" file="/var/www/html/tests/Feature/API/Subscription/SubscriptionPlanManagementTest.php" tests="16" assertions="65" errors="0" failures="0" skipped="0" time="1.906856">
        <testcase name="it_can_list_subscription_plans" file="/var/www/html/tests/Feature/API/Subscription/SubscriptionPlanManagementTest.php" line="36" class="Tests\Feature\API\Subscription\SubscriptionPlanManagementTest" classname="Tests.Feature.API.Subscription.SubscriptionPlanManagementTest" assertions="2" time="0.140176"/>
        <testcase name="it_can_create_a_subscription_plan" file="/var/www/html/tests/Feature/API/Subscription/SubscriptionPlanManagementTest.php" line="52" class="Tests\Feature\API\Subscription\SubscriptionPlanManagementTest" classname="Tests.Feature.API.Subscription.SubscriptionPlanManagementTest" assertions="4" time="0.105170"/>
        <testcase name="it_can_create_an_internal_subscription_plan" file="/var/www/html/tests/Feature/API/Subscription/SubscriptionPlanManagementTest.php" line="91" class="Tests\Feature\API\Subscription\SubscriptionPlanManagementTest" classname="Tests.Feature.API.Subscription.SubscriptionPlanManagementTest" assertions="3" time="0.113908"/>
        <testcase name="it_can_get_a_single_subscription_plan" file="/var/www/html/tests/Feature/API/Subscription/SubscriptionPlanManagementTest.php" line="126" class="Tests\Feature\API\Subscription\SubscriptionPlanManagementTest" classname="Tests.Feature.API.Subscription.SubscriptionPlanManagementTest" assertions="3" time="0.111312"/>
        <testcase name="it_can_update_a_subscription_plan" file="/var/www/html/tests/Feature/API/Subscription/SubscriptionPlanManagementTest.php" line="146" class="Tests\Feature\API\Subscription\SubscriptionPlanManagementTest" classname="Tests.Feature.API.Subscription.SubscriptionPlanManagementTest" assertions="5" time="0.138667"/>
        <testcase name="it_can_update_plan_limits" file="/var/www/html/tests/Feature/API/Subscription/SubscriptionPlanManagementTest.php" line="188" class="Tests\Feature\API\Subscription\SubscriptionPlanManagementTest" classname="Tests.Feature.API.Subscription.SubscriptionPlanManagementTest" assertions="4" time="0.126987"/>
        <testcase name="it_can_delete_a_subscription_plan" file="/var/www/html/tests/Feature/API/Subscription/SubscriptionPlanManagementTest.php" line="222" class="Tests\Feature\API\Subscription\SubscriptionPlanManagementTest" classname="Tests.Feature.API.Subscription.SubscriptionPlanManagementTest" assertions="2" time="0.126960"/>
        <testcase name="it_can_get_limit_formats_from_config" file="/var/www/html/tests/Feature/API/Subscription/SubscriptionPlanManagementTest.php" line="238" class="Tests\Feature\API\Subscription\SubscriptionPlanManagementTest" classname="Tests.Feature.API.Subscription.SubscriptionPlanManagementTest" assertions="22" time="0.098966"/>
        <testcase name="it_validates_required_fields_on_create" file="/var/www/html/tests/Feature/API/Subscription/SubscriptionPlanManagementTest.php" line="269" class="Tests\Feature\API\Subscription\SubscriptionPlanManagementTest" classname="Tests.Feature.API.Subscription.SubscriptionPlanManagementTest" assertions="5" time="0.094839"/>
        <testcase name="it_validates_subscription_plan_type_values" file="/var/www/html/tests/Feature/API/Subscription/SubscriptionPlanManagementTest.php" line="285" class="Tests\Feature\API\Subscription\SubscriptionPlanManagementTest" classname="Tests.Feature.API.Subscription.SubscriptionPlanManagementTest" assertions="3" time="0.109038"/>
        <testcase name="it_validates_unique_slug" file="/var/www/html/tests/Feature/API/Subscription/SubscriptionPlanManagementTest.php" line="307" class="Tests\Feature\API\Subscription\SubscriptionPlanManagementTest" classname="Tests.Feature.API.Subscription.SubscriptionPlanManagementTest" assertions="3" time="0.120766"/>
        <testcase name="it_defaults_subscription_plan_type_to_public" file="/var/www/html/tests/Feature/API/Subscription/SubscriptionPlanManagementTest.php" line="330" class="Tests\Feature\API\Subscription\SubscriptionPlanManagementTest" classname="Tests.Feature.API.Subscription.SubscriptionPlanManagementTest" assertions="2" time="0.111566"/>
        <testcase name="unauthenticated_users_cannot_access_subscription_plans" file="/var/www/html/tests/Feature/API/Subscription/SubscriptionPlanManagementTest.php" line="356" class="Tests\Feature\API\Subscription\SubscriptionPlanManagementTest" classname="Tests.Feature.API.Subscription.SubscriptionPlanManagementTest" assertions="1" time="0.114729"/>
        <testcase name="it_returns_has_trial_true_for_plan_with_trial_days" file="/var/www/html/tests/Feature/API/Subscription/SubscriptionPlanManagementTest.php" line="366" class="Tests\Feature\API\Subscription\SubscriptionPlanManagementTest" classname="Tests.Feature.API.Subscription.SubscriptionPlanManagementTest" assertions="2" time="0.132323"/>
        <testcase name="it_returns_has_trial_false_for_plan_without_trial_days" file="/var/www/html/tests/Feature/API/Subscription/SubscriptionPlanManagementTest.php" line="386" class="Tests\Feature\API\Subscription\SubscriptionPlanManagementTest" classname="Tests.Feature.API.Subscription.SubscriptionPlanManagementTest" assertions="2" time="0.133477"/>
        <testcase name="it_returns_formatted_price" file="/var/www/html/tests/Feature/API/Subscription/SubscriptionPlanManagementTest.php" line="406" class="Tests\Feature\API\Subscription\SubscriptionPlanManagementTest" classname="Tests.Feature.API.Subscription.SubscriptionPlanManagementTest" assertions="2" time="0.127972"/>
      </testsuite>
      <testsuite name="Tests\Feature\Billing\BillingFlowTest" file="/var/www/html/tests/Feature/Billing/BillingFlowTest.php" tests="31" assertions="76" errors="0" failures="0" skipped="3" time="3.892051">
        <testcase name="it_creates_subscription_with_trial" file="/var/www/html/tests/Feature/Billing/BillingFlowTest.php" line="101" class="Tests\Feature\Billing\BillingFlowTest" classname="Tests.Feature.Billing.BillingFlowTest" assertions="6" time="0.144959"/>
        <testcase name="it_creates_subscription_without_trial" file="/var/www/html/tests/Feature/Billing/BillingFlowTest.php" line="116" class="Tests\Feature\Billing\BillingFlowTest" classname="Tests.Feature.Billing.BillingFlowTest" assertions="3" time="0.123195"/>
        <testcase name="it_creates_subscription_with_custom_trial_until" file="/var/www/html/tests/Feature/Billing/BillingFlowTest.php" line="128" class="Tests\Feature\Billing\BillingFlowTest" classname="Tests.Feature.Billing.BillingFlowTest" assertions="2" time="0.114660"/>
        <testcase name="it_creates_subscription_with_metadata" file="/var/www/html/tests/Feature/Billing/BillingFlowTest.php" line="141" class="Tests\Feature\Billing\BillingFlowTest" classname="Tests.Feature.Billing.BillingFlowTest" assertions="2" time="0.107264"/>
        <testcase name="it_checks_if_tenancy_is_subscribed" file="/var/www/html/tests/Feature/Billing/BillingFlowTest.php" line="154" class="Tests\Feature\Billing\BillingFlowTest" classname="Tests.Feature.Billing.BillingFlowTest" assertions="2" time="0.127214"/>
        <testcase name="it_checks_trial_status" file="/var/www/html/tests/Feature/Billing/BillingFlowTest.php" line="168" class="Tests\Feature\Billing\BillingFlowTest" classname="Tests.Feature.Billing.BillingFlowTest" assertions="3" time="0.110227"/>
        <testcase name="it_upgrades_subscription_plan" file="/var/www/html/tests/Feature/Billing/BillingFlowTest.php" line="191" class="Tests\Feature\Billing\BillingFlowTest" classname="Tests.Feature.Billing.BillingFlowTest" assertions="3" time="0.111802"/>
        <testcase name="it_allows_upgrade_during_trial" file="/var/www/html/tests/Feature/Billing/BillingFlowTest.php" line="209" class="Tests\Feature\Billing\BillingFlowTest" classname="Tests.Feature.Billing.BillingFlowTest" assertions="3" time="0.173736"/>
        <testcase name="it_downgrades_subscription_plan" file="/var/www/html/tests/Feature/Billing/BillingFlowTest.php" line="227" class="Tests\Feature\Billing\BillingFlowTest" classname="Tests.Feature.Billing.BillingFlowTest" assertions="2" time="0.156094"/>
        <testcase name="it_validates_downgrade_conflicts" file="/var/www/html/tests/Feature/Billing/BillingFlowTest.php" line="248" class="Tests\Feature\Billing\BillingFlowTest" classname="Tests.Feature.Billing.BillingFlowTest" assertions="1" time="0.117439"/>
        <testcase name="it_cancels_subscription_at_period_end" file="/var/www/html/tests/Feature/Billing/BillingFlowTest.php" line="270" class="Tests\Feature\Billing\BillingFlowTest" classname="Tests.Feature.Billing.BillingFlowTest" assertions="2" time="0.132989"/>
        <testcase name="it_cancels_subscription_immediately" file="/var/www/html/tests/Feature/Billing/BillingFlowTest.php" line="284" class="Tests\Feature\Billing\BillingFlowTest" classname="Tests.Feature.Billing.BillingFlowTest" assertions="2" time="0.175185"/>
        <testcase name="it_adds_payment_method" file="/var/www/html/tests/Feature/Billing/BillingFlowTest.php" line="300" class="Tests\Feature\Billing\BillingFlowTest" classname="Tests.Feature.Billing.BillingFlowTest" assertions="3" time="0.145590"/>
        <testcase name="it_sets_first_payment_method_as_default" file="/var/www/html/tests/Feature/Billing/BillingFlowTest.php" line="315" class="Tests\Feature\Billing\BillingFlowTest" classname="Tests.Feature.Billing.BillingFlowTest" assertions="0" time="0.125845">
          <skipped/>
        </testcase>
        <testcase name="it_updates_default_payment_method" file="/var/www/html/tests/Feature/Billing/BillingFlowTest.php" line="322" class="Tests\Feature\Billing\BillingFlowTest" classname="Tests.Feature.Billing.BillingFlowTest" assertions="0" time="0.124147">
          <skipped/>
        </testcase>
        <testcase name="it_processes_successful_charge" file="/var/www/html/tests/Feature/Billing/BillingFlowTest.php" line="331" class="Tests\Feature\Billing\BillingFlowTest" classname="Tests.Feature.Billing.BillingFlowTest" assertions="4" time="0.130676"/>
        <testcase name="it_handles_failed_charge" file="/var/www/html/tests/Feature/Billing/BillingFlowTest.php" line="350" class="Tests\Feature\Billing\BillingFlowTest" classname="Tests.Feature.Billing.BillingFlowTest" assertions="3" time="0.137520"/>
        <testcase name="it_processes_refund" file="/var/www/html/tests/Feature/Billing/BillingFlowTest.php" line="363" class="Tests\Feature\Billing\BillingFlowTest" classname="Tests.Feature.Billing.BillingFlowTest" assertions="3" time="0.122443"/>
        <testcase name="it_creates_subscription_in_gateway" file="/var/www/html/tests/Feature/Billing/BillingFlowTest.php" line="381" class="Tests\Feature\Billing\BillingFlowTest" classname="Tests.Feature.Billing.BillingFlowTest" assertions="0" time="0.105275">
          <skipped/>
        </testcase>
        <testcase name="it_cancels_subscription_in_gateway" file="/var/www/html/tests/Feature/Billing/BillingFlowTest.php" line="388" class="Tests\Feature\Billing\BillingFlowTest" classname="Tests.Feature.Billing.BillingFlowTest" assertions="2" time="0.126473"/>
        <testcase name="it_validates_webhook_signature" file="/var/www/html/tests/Feature/Billing/BillingFlowTest.php" line="409" class="Tests\Feature\Billing\BillingFlowTest" classname="Tests.Feature.Billing.BillingFlowTest" assertions="2" time="0.106864"/>
        <testcase name="it_handles_payment_succeeded_webhook" file="/var/www/html/tests/Feature/Billing/BillingFlowTest.php" line="422" class="Tests\Feature\Billing\BillingFlowTest" classname="Tests.Feature.Billing.BillingFlowTest" assertions="3" time="0.126232"/>
        <testcase name="it_handles_payment_failed_webhook" file="/var/www/html/tests/Feature/Billing/BillingFlowTest.php" line="448" class="Tests\Feature\Billing\BillingFlowTest" classname="Tests.Feature.Billing.BillingFlowTest" assertions="2" time="0.145890"/>
        <testcase name="it_lists_invoices_for_subscription" file="/var/www/html/tests/Feature/Billing/BillingFlowTest.php" line="476" class="Tests\Feature\Billing\BillingFlowTest" classname="Tests.Feature.Billing.BillingFlowTest" assertions="3" time="0.112511"/>
        <testcase name="it_gets_invoice_url" file="/var/www/html/tests/Feature/Billing/BillingFlowTest.php" line="496" class="Tests\Feature\Billing\BillingFlowTest" classname="Tests.Feature.Billing.BillingFlowTest" assertions="2" time="0.104962"/>
        <testcase name="it_checks_plan_limits" file="/var/www/html/tests/Feature/Billing/BillingFlowTest.php" line="508" class="Tests\Feature\Billing\BillingFlowTest" classname="Tests.Feature.Billing.BillingFlowTest" assertions="3" time="0.113513"/>
        <testcase name="it_checks_if_within_limit" file="/var/www/html/tests/Feature/Billing/BillingFlowTest.php" line="516" class="Tests\Feature\Billing\BillingFlowTest" classname="Tests.Feature.Billing.BillingFlowTest" assertions="4" time="0.098026"/>
        <testcase name="it_checks_feature_availability" file="/var/www/html/tests/Feature/Billing/BillingFlowTest.php" line="527" class="Tests\Feature\Billing\BillingFlowTest" classname="Tests.Feature.Billing.BillingFlowTest" assertions="4" time="0.101730"/>
        <testcase name="it_gets_payment_gateway" file="/var/www/html/tests/Feature/Billing/BillingFlowTest.php" line="538" class="Tests\Feature\Billing\BillingFlowTest" classname="Tests.Feature.Billing.BillingFlowTest" assertions="1" time="0.118010"/>
        <testcase name="it_creates_gateway_customer" file="/var/www/html/tests/Feature/Billing/BillingFlowTest.php" line="546" class="Tests\Feature\Billing\BillingFlowTest" classname="Tests.Feature.Billing.BillingFlowTest" assertions="3" time="0.121699"/>
        <testcase name="it_checks_generic_trial" file="/var/www/html/tests/Feature/Billing/BillingFlowTest.php" line="556" class="Tests\Feature\Billing\BillingFlowTest" classname="Tests.Feature.Billing.BillingFlowTest" assertions="3" time="0.129881"/>
      </testsuite>
      <testsuite name="Tests\Feature\Controllers\TenancyControllerTest" file="/var/www/html/tests/Feature/Controllers/TenancyControllerTest.php" tests="5" assertions="11" errors="0" failures="0" skipped="0" time="0.607345">
        <testcase name="unauthenticated_user_cannot_access_tenancy" file="/var/www/html/tests/Feature/Controllers/TenancyControllerTest.php" line="42" class="Tests\Feature\Controllers\TenancyControllerTest" classname="Tests.Feature.Controllers.TenancyControllerTest" assertions="1" time="0.129842"/>
        <testcase name="tenancy_model_can_be_soft_deleted" file="/var/www/html/tests/Feature/Controllers/TenancyControllerTest.php" line="52" class="Tests\Feature\Controllers\TenancyControllerTest" classname="Tests.Feature.Controllers.TenancyControllerTest" assertions="2" time="0.111527"/>
        <testcase name="it_can_check_tenancy_status" file="/var/www/html/tests/Feature/Controllers/TenancyControllerTest.php" line="64" class="Tests\Feature\Controllers\TenancyControllerTest" classname="Tests.Feature.Controllers.TenancyControllerTest" assertions="3" time="0.122098"/>
        <testcase name="tenancy_can_have_subscription" file="/var/www/html/tests/Feature/Controllers/TenancyControllerTest.php" line="76" class="Tests\Feature\Controllers\TenancyControllerTest" classname="Tests.Feature.Controllers.TenancyControllerTest" assertions="2" time="0.121440"/>
        <testcase name="tenancy_and_subscription_relationship_works" file="/var/www/html/tests/Feature/Controllers/TenancyControllerTest.php" line="98" class="Tests\Feature\Controllers\TenancyControllerTest" classname="Tests.Feature.Controllers.TenancyControllerTest" assertions="3" time="0.122437"/>
      </testsuite>
      <testsuite name="Tests\Feature\Controllers\TenancyTenantControllerTest" file="/var/www/html/tests/Feature/Controllers/TenancyTenantControllerTest.php" tests="13" assertions="58" errors="0" failures="0" skipped="0" time="3.458468">
        <testcase name="tenancy_admin_can_list_their_own_tenants" file="/var/www/html/tests/Feature/Controllers/TenancyTenantControllerTest.php" line="136" class="Tests\Feature\Controllers\TenancyTenantControllerTest" classname="Tests.Feature.Controllers.TenancyTenantControllerTest" assertions="3" time="0.234774"/>
        <testcase name="tenancy_admin_cannot_see_tenants_from_other_tenancies" file="/var/www/html/tests/Feature/Controllers/TenancyTenantControllerTest.php" line="147" class="Tests\Feature\Controllers\TenancyTenantControllerTest" classname="Tests.Feature.Controllers.TenancyTenantControllerTest" assertions="3" time="0.207094"/>
        <testcase name="tenancy_admin_cannot_create_tenant_when_trial_plan_limit_reached" file="/var/www/html/tests/Feature/Controllers/TenancyTenantControllerTest.php" line="171" class="Tests\Feature\Controllers\TenancyTenantControllerTest" classname="Tests.Feature.Controllers.TenancyTenantControllerTest" assertions="10" time="0.185679"/>
        <testcase name="tenancy_admin_can_create_tenant_when_under_plan_limit" file="/var/www/html/tests/Feature/Controllers/TenancyTenantControllerTest.php" line="198" class="Tests\Feature\Controllers\TenancyTenantControllerTest" classname="Tests.Feature.Controllers.TenancyTenantControllerTest" assertions="3" time="0.212642"/>
        <testcase name="tenancy_admin_can_create_unlimited_tenants_on_premium_plan" file="/var/www/html/tests/Feature/Controllers/TenancyTenantControllerTest.php" line="228" class="Tests\Feature\Controllers\TenancyTenantControllerTest" classname="Tests.Feature.Controllers.TenancyTenantControllerTest" assertions="6" time="0.335310"/>
        <testcase name="tenancy_admin_cannot_delete_the_last_tenant" file="/var/www/html/tests/Feature/Controllers/TenancyTenantControllerTest.php" line="257" class="Tests\Feature\Controllers\TenancyTenantControllerTest" classname="Tests.Feature.Controllers.TenancyTenantControllerTest" assertions="2" time="0.406753"/>
        <testcase name="tenancy_admin_cannot_delete_their_own_assigned_tenant" file="/var/www/html/tests/Feature/Controllers/TenancyTenantControllerTest.php" line="267" class="Tests\Feature\Controllers\TenancyTenantControllerTest" classname="Tests.Feature.Controllers.TenancyTenantControllerTest" assertions="2" time="0.344090"/>
        <testcase name="tenancy_admin_can_delete_other_tenants" file="/var/www/html/tests/Feature/Controllers/TenancyTenantControllerTest.php" line="291" class="Tests\Feature\Controllers\TenancyTenantControllerTest" classname="Tests.Feature.Controllers.TenancyTenantControllerTest" assertions="2" time="0.471819"/>
        <testcase name="tenancy_admin_cannot_access_tenant_from_other_tenancy" file="/var/www/html/tests/Feature/Controllers/TenancyTenantControllerTest.php" line="315" class="Tests\Feature\Controllers\TenancyTenantControllerTest" classname="Tests.Feature.Controllers.TenancyTenantControllerTest" assertions="1" time="0.141524"/>
        <testcase name="tenancy_admin_cannot_update_tenant_from_other_tenancy" file="/var/www/html/tests/Feature/Controllers/TenancyTenantControllerTest.php" line="336" class="Tests\Feature\Controllers\TenancyTenantControllerTest" classname="Tests.Feature.Controllers.TenancyTenantControllerTest" assertions="2" time="0.364133"/>
        <testcase name="get_limits_endpoint_returns_correct_information" file="/var/www/html/tests/Feature/Controllers/TenancyTenantControllerTest.php" line="363" class="Tests\Feature\Controllers\TenancyTenantControllerTest" classname="Tests.Feature.Controllers.TenancyTenantControllerTest" assertions="14" time="0.163048"/>
        <testcase name="plan_upgrade_allows_creating_more_tenants" file="/var/www/html/tests/Feature/Controllers/TenancyTenantControllerTest.php" line="389" class="Tests\Feature\Controllers\TenancyTenantControllerTest" classname="Tests.Feature.Controllers.TenancyTenantControllerTest" assertions="6" time="0.181859"/>
        <testcase name="basic_plan_limit_is_enforced_at_3_tenants" file="/var/www/html/tests/Feature/Controllers/TenancyTenantControllerTest.php" line="430" class="Tests\Feature\Controllers\TenancyTenantControllerTest" classname="Tests.Feature.Controllers.TenancyTenantControllerTest" assertions="4" time="0.209743"/>
      </testsuite>
      <testsuite name="Tests\Feature\Controllers\TenancyTenantCrudTest" file="/var/www/html/tests/Feature/Controllers/TenancyTenantCrudTest.php" tests="21" assertions="149" errors="0" failures="0" skipped="0" time="5.806402">
        <testcase name="create_tenant_persists_currencies" file="/var/www/html/tests/Feature/Controllers/TenancyTenantCrudTest.php" line="215" class="Tests\Feature\Controllers\TenancyTenantCrudTest" classname="Tests.Feature.Controllers.TenancyTenantCrudTest" assertions="8" time="0.236293"/>
        <testcase name="create_tenant_persists_attributes" file="/var/www/html/tests/Feature/Controllers/TenancyTenantCrudTest.php" line="242" class="Tests\Feature\Controllers\TenancyTenantCrudTest" classname="Tests.Feature.Controllers.TenancyTenantCrudTest" assertions="8" time="0.266752"/>
        <testcase name="create_tenant_persists_settings" file="/var/www/html/tests/Feature/Controllers/TenancyTenantCrudTest.php" line="266" class="Tests\Feature\Controllers\TenancyTenantCrudTest" classname="Tests.Feature.Controllers.TenancyTenantCrudTest" assertions="6" time="0.210938"/>
        <testcase name="create_tenant_persists_schedule_fields" file="/var/www/html/tests/Feature/Controllers/TenancyTenantCrudTest.php" line="287" class="Tests\Feature\Controllers\TenancyTenantCrudTest" classname="Tests.Feature.Controllers.TenancyTenantCrudTest" assertions="7" time="0.182330"/>
        <testcase name="create_tenant_persists_system_relationships" file="/var/www/html/tests/Feature/Controllers/TenancyTenantCrudTest.php" line="313" class="Tests\Feature\Controllers\TenancyTenantCrudTest" classname="Tests.Feature.Controllers.TenancyTenantCrudTest" assertions="8" time="0.192369"/>
        <testcase name="create_tenant_sets_language_primary_from_settings" file="/var/www/html/tests/Feature/Controllers/TenancyTenantCrudTest.php" line="342" class="Tests\Feature\Controllers\TenancyTenantCrudTest" classname="Tests.Feature.Controllers.TenancyTenantCrudTest" assertions="3" time="0.243793"/>
        <testcase name="create_tenant_creates_default_entities" file="/var/www/html/tests/Feature/Controllers/TenancyTenantCrudTest.php" line="364" class="Tests\Feature\Controllers\TenancyTenantCrudTest" classname="Tests.Feature.Controllers.TenancyTenantCrudTest" assertions="2" time="0.174571"/>
        <testcase name="update_tenant_persists_currencies" file="/var/www/html/tests/Feature/Controllers/TenancyTenantCrudTest.php" line="384" class="Tests\Feature\Controllers\TenancyTenantCrudTest" classname="Tests.Feature.Controllers.TenancyTenantCrudTest" assertions="7" time="0.382721"/>
        <testcase name="update_tenant_persists_attributes" file="/var/www/html/tests/Feature/Controllers/TenancyTenantCrudTest.php" line="416" class="Tests\Feature\Controllers\TenancyTenantCrudTest" classname="Tests.Feature.Controllers.TenancyTenantCrudTest" assertions="7" time="0.401724"/>
        <testcase name="update_tenant_persists_settings" file="/var/www/html/tests/Feature/Controllers/TenancyTenantCrudTest.php" line="452" class="Tests\Feature\Controllers\TenancyTenantCrudTest" classname="Tests.Feature.Controllers.TenancyTenantCrudTest" assertions="5" time="0.378415"/>
        <testcase name="update_tenant_persists_schedule_enabled" file="/var/www/html/tests/Feature/Controllers/TenancyTenantCrudTest.php" line="481" class="Tests\Feature\Controllers\TenancyTenantCrudTest" classname="Tests.Feature.Controllers.TenancyTenantCrudTest" assertions="8" time="0.379053"/>
        <testcase name="update_tenant_persists_system_relationships" file="/var/www/html/tests/Feature/Controllers/TenancyTenantCrudTest.php" line="514" class="Tests\Feature\Controllers\TenancyTenantCrudTest" classname="Tests.Feature.Controllers.TenancyTenantCrudTest" assertions="9" time="0.399506"/>
        <testcase name="update_tenant_can_change_primary_currency" file="/var/www/html/tests/Feature/Controllers/TenancyTenantCrudTest.php" line="550" class="Tests\Feature\Controllers\TenancyTenantCrudTest" classname="Tests.Feature.Controllers.TenancyTenantCrudTest" assertions="3" time="0.381742"/>
        <testcase name="get_tenant_returns_all_fields" file="/var/www/html/tests/Feature/Controllers/TenancyTenantCrudTest.php" line="585" class="Tests\Feature\Controllers\TenancyTenantCrudTest" classname="Tests.Feature.Controllers.TenancyTenantCrudTest" assertions="21" time="0.154904"/>
        <testcase name="create_tenant_requires_currency_fields" file="/var/www/html/tests/Feature/Controllers/TenancyTenantCrudTest.php" line="641" class="Tests\Feature\Controllers\TenancyTenantCrudTest" classname="Tests.Feature.Controllers.TenancyTenantCrudTest" assertions="4" time="0.161647"/>
        <testcase name="create_tenant_validates_currency_uuid_format" file="/var/www/html/tests/Feature/Controllers/TenancyTenantCrudTest.php" line="657" class="Tests\Feature\Controllers\TenancyTenantCrudTest" classname="Tests.Feature.Controllers.TenancyTenantCrudTest" assertions="3" time="0.146013"/>
        <testcase name="create_tenant_validates_attribute_email_format" file="/var/www/html/tests/Feature/Controllers/TenancyTenantCrudTest.php" line="674" class="Tests\Feature\Controllers\TenancyTenantCrudTest" classname="Tests.Feature.Controllers.TenancyTenantCrudTest" assertions="3" time="0.147411"/>
        <testcase name="create_tenant_validates_slug_format" file="/var/www/html/tests/Feature/Controllers/TenancyTenantCrudTest.php" line="688" class="Tests\Feature\Controllers\TenancyTenantCrudTest" classname="Tests.Feature.Controllers.TenancyTenantCrudTest" assertions="3" time="0.160885"/>
        <testcase name="create_tenant_validates_service_fee_range" file="/var/www/html/tests/Feature/Controllers/TenancyTenantCrudTest.php" line="700" class="Tests\Feature\Controllers\TenancyTenantCrudTest" classname="Tests.Feature.Controllers.TenancyTenantCrudTest" assertions="3" time="0.150325"/>
        <testcase name="update_tenant_can_upload_banner_image" file="/var/www/html/tests/Feature/Controllers/TenancyTenantCrudTest.php" line="718" class="Tests\Feature\Controllers\TenancyTenantCrudTest" classname="Tests.Feature.Controllers.TenancyTenantCrudTest" assertions="2" time="0.588357"/>
        <testcase name="create_and_update_full_round_trip" file="/var/www/html/tests/Feature/Controllers/TenancyTenantCrudTest.php" line="747" class="Tests\Feature\Controllers\TenancyTenantCrudTest" classname="Tests.Feature.Controllers.TenancyTenantCrudTest" assertions="29" time="0.466650"/>
      </testsuite>
      <testsuite name="Tests\Feature\Controllers\TenantAuthorizationTest" file="/var/www/html/tests/Feature/Controllers/TenantAuthorizationTest.php" tests="54" assertions="94" errors="0" failures="0" skipped="0" time="15.773997">
        <testcase name="system_admin_can_list_tenants_via_tenancy_controller" file="/var/www/html/tests/Feature/Controllers/TenantAuthorizationTest.php" line="235" class="Tests\Feature\Controllers\TenantAuthorizationTest" classname="Tests.Feature.Controllers.TenantAuthorizationTest" assertions="1" time="0.210706"/>
        <testcase name="system_admin_can_create_tenant_via_tenancy_controller_bypassing_plan_limits" file="/var/www/html/tests/Feature/Controllers/TenantAuthorizationTest.php" line="244" class="Tests\Feature\Controllers\TenantAuthorizationTest" classname="Tests.Feature.Controllers.TenantAuthorizationTest" assertions="2" time="0.214701"/>
        <testcase name="system_admin_can_update_any_tenant_via_tenancy_controller" file="/var/www/html/tests/Feature/Controllers/TenantAuthorizationTest.php" line="272" class="Tests\Feature\Controllers\TenantAuthorizationTest" classname="Tests.Feature.Controllers.TenantAuthorizationTest" assertions="2" time="0.431202"/>
        <testcase name="system_admin_can_update_tenant_from_other_tenancy" file="/var/www/html/tests/Feature/Controllers/TenantAuthorizationTest.php" line="290" class="Tests\Feature\Controllers\TenantAuthorizationTest" classname="Tests.Feature.Controllers.TenantAuthorizationTest" assertions="2" time="0.459896"/>
        <testcase name="system_admin_can_delete_tenant_via_tenancy_controller" file="/var/www/html/tests/Feature/Controllers/TenantAuthorizationTest.php" line="309" class="Tests\Feature\Controllers\TenantAuthorizationTest" classname="Tests.Feature.Controllers.TenantAuthorizationTest" assertions="2" time="0.515130"/>
        <testcase name="tenancy_admin_can_list_own_tenancy_tenants" file="/var/www/html/tests/Feature/Controllers/TenantAuthorizationTest.php" line="332" class="Tests\Feature\Controllers\TenantAuthorizationTest" classname="Tests.Feature.Controllers.TenantAuthorizationTest" assertions="2" time="0.178212"/>
        <testcase name="tenancy_admin_cannot_see_other_tenancy_tenants_in_list" file="/var/www/html/tests/Feature/Controllers/TenantAuthorizationTest.php" line="342" class="Tests\Feature\Controllers\TenantAuthorizationTest" classname="Tests.Feature.Controllers.TenantAuthorizationTest" assertions="2" time="0.190264"/>
        <testcase name="tenancy_admin_can_view_own_tenancy_tenant" file="/var/www/html/tests/Feature/Controllers/TenantAuthorizationTest.php" line="352" class="Tests\Feature\Controllers\TenantAuthorizationTest" classname="Tests.Feature.Controllers.TenantAuthorizationTest" assertions="1" time="0.186641"/>
        <testcase name="tenancy_admin_cannot_view_other_tenancy_tenant" file="/var/www/html/tests/Feature/Controllers/TenantAuthorizationTest.php" line="361" class="Tests\Feature\Controllers\TenantAuthorizationTest" classname="Tests.Feature.Controllers.TenantAuthorizationTest" assertions="1" time="0.192342"/>
        <testcase name="tenancy_admin_can_update_own_tenancy_tenant" file="/var/www/html/tests/Feature/Controllers/TenantAuthorizationTest.php" line="371" class="Tests\Feature\Controllers\TenantAuthorizationTest" classname="Tests.Feature.Controllers.TenantAuthorizationTest" assertions="2" time="0.470866"/>
        <testcase name="tenancy_admin_cannot_update_other_tenancy_tenant" file="/var/www/html/tests/Feature/Controllers/TenantAuthorizationTest.php" line="389" class="Tests\Feature\Controllers\TenantAuthorizationTest" classname="Tests.Feature.Controllers.TenantAuthorizationTest" assertions="2" time="0.365536"/>
        <testcase name="tenancy_admin_can_delete_tenant_in_own_tenancy" file="/var/www/html/tests/Feature/Controllers/TenantAuthorizationTest.php" line="406" class="Tests\Feature\Controllers\TenantAuthorizationTest" classname="Tests.Feature.Controllers.TenantAuthorizationTest" assertions="2" time="0.532113"/>
        <testcase name="tenancy_admin_cannot_delete_other_tenancy_tenant" file="/var/www/html/tests/Feature/Controllers/TenantAuthorizationTest.php" line="417" class="Tests\Feature\Controllers\TenantAuthorizationTest" classname="Tests.Feature.Controllers.TenantAuthorizationTest" assertions="2" time="0.397975"/>
        <testcase name="tenancy_admin_cannot_delete_own_assigned_tenant" file="/var/www/html/tests/Feature/Controllers/TenantAuthorizationTest.php" line="433" class="Tests\Feature\Controllers\TenantAuthorizationTest" classname="Tests.Feature.Controllers.TenantAuthorizationTest" assertions="2" time="0.414284"/>
        <testcase name="tenancy_admin_cannot_delete_last_tenant" file="/var/www/html/tests/Feature/Controllers/TenantAuthorizationTest.php" line="444" class="Tests\Feature\Controllers\TenantAuthorizationTest" classname="Tests.Feature.Controllers.TenantAuthorizationTest" assertions="2" time="0.440123"/>
        <testcase name="tenancy_admin_cannot_create_tenant_when_plan_limit_reached" file="/var/www/html/tests/Feature/Controllers/TenantAuthorizationTest.php" line="462" class="Tests\Feature\Controllers\TenantAuthorizationTest" classname="Tests.Feature.Controllers.TenantAuthorizationTest" assertions="5" time="0.171189"/>
        <testcase name="tenancy_admin_can_create_tenant_after_plan_upgrade" file="/var/www/html/tests/Feature/Controllers/TenantAuthorizationTest.php" line="484" class="Tests\Feature\Controllers\TenantAuthorizationTest" classname="Tests.Feature.Controllers.TenantAuthorizationTest" assertions="2" time="0.191878"/>
        <testcase name="system_admin_bypasses_plan_limits_on_create" file="/var/www/html/tests/Feature/Controllers/TenantAuthorizationTest.php" line="516" class="Tests\Feature\Controllers\TenantAuthorizationTest" classname="Tests.Feature.Controllers.TenantAuthorizationTest" assertions="2" time="0.177043"/>
        <testcase name="get_limits_endpoint_returns_correct_data" file="/var/www/html/tests/Feature/Controllers/TenantAuthorizationTest.php" line="543" class="Tests\Feature\Controllers\TenantAuthorizationTest" classname="Tests.Feature.Controllers.TenantAuthorizationTest" assertions="13" time="0.184456"/>
        <testcase name="tenant_admin_can_list_tenants_via_tenancy_controller" file="/var/www/html/tests/Feature/Controllers/TenantAuthorizationTest.php" line="573" class="Tests\Feature\Controllers\TenantAuthorizationTest" classname="Tests.Feature.Controllers.TenantAuthorizationTest" assertions="1" time="0.183732"/>
        <testcase name="tenant_admin_cannot_update_tenant_via_tenancy_controller" file="/var/www/html/tests/Feature/Controllers/TenantAuthorizationTest.php" line="584" class="Tests\Feature\Controllers\TenantAuthorizationTest" classname="Tests.Feature.Controllers.TenantAuthorizationTest" assertions="1" time="0.383173"/>
        <testcase name="tenant_admin_cannot_update_other_tenant_via_tenancy_controller" file="/var/www/html/tests/Feature/Controllers/TenantAuthorizationTest.php" line="609" class="Tests\Feature\Controllers\TenantAuthorizationTest" classname="Tests.Feature.Controllers.TenantAuthorizationTest" assertions="1" time="0.382653"/>
        <testcase name="tenant_admin_cannot_delete_any_tenant_via_tenancy_controller" file="/var/www/html/tests/Feature/Controllers/TenantAuthorizationTest.php" line="623" class="Tests\Feature\Controllers\TenantAuthorizationTest" classname="Tests.Feature.Controllers.TenantAuthorizationTest" assertions="1" time="0.373413"/>
        <testcase name="tenant_admin_cannot_create_tenant_via_tenancy_controller" file="/var/www/html/tests/Feature/Controllers/TenantAuthorizationTest.php" line="634" class="Tests\Feature\Controllers\TenantAuthorizationTest" classname="Tests.Feature.Controllers.TenantAuthorizationTest" assertions="1" time="0.155191"/>
        <testcase name="normal_user_can_list_tenants_via_tenancy_controller" file="/var/www/html/tests/Feature/Controllers/TenantAuthorizationTest.php" line="657" class="Tests\Feature\Controllers\TenantAuthorizationTest" classname="Tests.Feature.Controllers.TenantAuthorizationTest" assertions="1" time="0.174321"/>
        <testcase name="normal_user_cannot_update_tenant_via_tenancy_controller" file="/var/www/html/tests/Feature/Controllers/TenantAuthorizationTest.php" line="667" class="Tests\Feature\Controllers\TenantAuthorizationTest" classname="Tests.Feature.Controllers.TenantAuthorizationTest" assertions="1" time="0.367590"/>
        <testcase name="normal_user_cannot_delete_tenant_via_tenancy_controller" file="/var/www/html/tests/Feature/Controllers/TenantAuthorizationTest.php" line="680" class="Tests\Feature\Controllers\TenantAuthorizationTest" classname="Tests.Feature.Controllers.TenantAuthorizationTest" assertions="1" time="0.334356"/>
        <testcase name="system_admin_can_list_tenants_via_extended_controller" file="/var/www/html/tests/Feature/Controllers/TenantAuthorizationTest.php" line="694" class="Tests\Feature\Controllers\TenantAuthorizationTest" classname="Tests.Feature.Controllers.TenantAuthorizationTest" assertions="1" time="0.179531"/>
        <testcase name="system_admin_can_view_any_tenant_via_extended_controller" file="/var/www/html/tests/Feature/Controllers/TenantAuthorizationTest.php" line="703" class="Tests\Feature\Controllers\TenantAuthorizationTest" classname="Tests.Feature.Controllers.TenantAuthorizationTest" assertions="1" time="0.163791"/>
        <testcase name="system_admin_can_update_any_tenant_via_extended_controller" file="/var/www/html/tests/Feature/Controllers/TenantAuthorizationTest.php" line="713" class="Tests\Feature\Controllers\TenantAuthorizationTest" classname="Tests.Feature.Controllers.TenantAuthorizationTest" assertions="1" time="0.394021"/>
        <testcase name="tenancy_admin_can_list_tenants_via_extended_controller" file="/var/www/html/tests/Feature/Controllers/TenantAuthorizationTest.php" line="736" class="Tests\Feature\Controllers\TenantAuthorizationTest" classname="Tests.Feature.Controllers.TenantAuthorizationTest" assertions="1" time="0.157004"/>
        <testcase name="tenancy_admin_can_update_own_tenancy_tenant_via_extended_controller" file="/var/www/html/tests/Feature/Controllers/TenantAuthorizationTest.php" line="749" class="Tests\Feature\Controllers\TenantAuthorizationTest" classname="Tests.Feature.Controllers.TenantAuthorizationTest" assertions="1" time="0.367373"/>
        <testcase name="tenancy_admin_cannot_update_other_tenancy_tenant_via_extended_controller" file="/var/www/html/tests/Feature/Controllers/TenantAuthorizationTest.php" line="768" class="Tests\Feature\Controllers\TenantAuthorizationTest" classname="Tests.Feature.Controllers.TenantAuthorizationTest" assertions="1" time="0.158062"/>
        <testcase name="tenant_admin_can_list_own_tenant_via_extended_controller" file="/var/www/html/tests/Feature/Controllers/TenantAuthorizationTest.php" line="785" class="Tests\Feature\Controllers\TenantAuthorizationTest" classname="Tests.Feature.Controllers.TenantAuthorizationTest" assertions="2" time="0.158312"/>
        <testcase name="tenant_admin_can_view_own_tenant_via_extended_controller" file="/var/www/html/tests/Feature/Controllers/TenantAuthorizationTest.php" line="801" class="Tests\Feature\Controllers\TenantAuthorizationTest" classname="Tests.Feature.Controllers.TenantAuthorizationTest" assertions="1" time="0.169372"/>
        <testcase name="tenant_admin_cannot_view_other_tenant_via_extended_controller" file="/var/www/html/tests/Feature/Controllers/TenantAuthorizationTest.php" line="812" class="Tests\Feature\Controllers\TenantAuthorizationTest" classname="Tests.Feature.Controllers.TenantAuthorizationTest" assertions="1" time="0.168839"/>
        <testcase name="tenant_admin_can_update_own_tenant_via_extended_controller" file="/var/www/html/tests/Feature/Controllers/TenantAuthorizationTest.php" line="825" class="Tests\Feature\Controllers\TenantAuthorizationTest" classname="Tests.Feature.Controllers.TenantAuthorizationTest" assertions="1" time="0.361430"/>
        <testcase name="tenant_admin_cannot_update_other_tenant_via_extended_controller" file="/var/www/html/tests/Feature/Controllers/TenantAuthorizationTest.php" line="844" class="Tests\Feature\Controllers\TenantAuthorizationTest" classname="Tests.Feature.Controllers.TenantAuthorizationTest" assertions="1" time="0.156837"/>
        <testcase name="normal_user_can_list_own_tenant_via_extended_controller" file="/var/www/html/tests/Feature/Controllers/TenantAuthorizationTest.php" line="862" class="Tests\Feature\Controllers\TenantAuthorizationTest" classname="Tests.Feature.Controllers.TenantAuthorizationTest" assertions="2" time="0.153724"/>
        <testcase name="normal_user_cannot_update_tenant_via_extended_controller" file="/var/www/html/tests/Feature/Controllers/TenantAuthorizationTest.php" line="876" class="Tests\Feature\Controllers\TenantAuthorizationTest" classname="Tests.Feature.Controllers.TenantAuthorizationTest" assertions="1" time="0.152602"/>
        <testcase name="tenancy_admin_b_cannot_see_tenancy_a_tenants" file="/var/www/html/tests/Feature/Controllers/TenantAuthorizationTest.php" line="893" class="Tests\Feature\Controllers\TenantAuthorizationTest" classname="Tests.Feature.Controllers.TenantAuthorizationTest" assertions="3" time="0.155767"/>
        <testcase name="tenancy_admin_b_cannot_update_tenancy_a_tenant" file="/var/www/html/tests/Feature/Controllers/TenantAuthorizationTest.php" line="904" class="Tests\Feature\Controllers\TenantAuthorizationTest" classname="Tests.Feature.Controllers.TenantAuthorizationTest" assertions="2" time="0.365381"/>
        <testcase name="tenancy_admin_b_cannot_delete_tenancy_a_tenant" file="/var/www/html/tests/Feature/Controllers/TenantAuthorizationTest.php" line="919" class="Tests\Feature\Controllers\TenantAuthorizationTest" classname="Tests.Feature.Controllers.TenantAuthorizationTest" assertions="2" time="0.349118"/>
        <testcase name="policy_allows_system_admin_to_manage_any_tenant" file="/var/www/html/tests/Feature/Controllers/TenantAuthorizationTest.php" line="937" class="Tests\Feature\Controllers\TenantAuthorizationTest" classname="Tests.Feature.Controllers.TenantAuthorizationTest" assertions="2" time="0.329084"/>
        <testcase name="policy_allows_tenancy_admin_to_manage_own_tenancy_tenant" file="/var/www/html/tests/Feature/Controllers/TenantAuthorizationTest.php" line="948" class="Tests\Feature\Controllers\TenantAuthorizationTest" classname="Tests.Feature.Controllers.TenantAuthorizationTest" assertions="2" time="0.343939"/>
        <testcase name="policy_denies_tenancy_admin_from_managing_other_tenancy_tenant" file="/var/www/html/tests/Feature/Controllers/TenantAuthorizationTest.php" line="959" class="Tests\Feature\Controllers\TenantAuthorizationTest" classname="Tests.Feature.Controllers.TenantAuthorizationTest" assertions="1" time="0.351541"/>
        <testcase name="policy_allows_tenant_admin_to_manage_own_tenant" file="/var/www/html/tests/Feature/Controllers/TenantAuthorizationTest.php" line="967" class="Tests\Feature\Controllers\TenantAuthorizationTest" classname="Tests.Feature.Controllers.TenantAuthorizationTest" assertions="1" time="0.328680"/>
        <testcase name="policy_denies_tenant_admin_from_managing_other_tenant" file="/var/www/html/tests/Feature/Controllers/TenantAuthorizationTest.php" line="977" class="Tests\Feature\Controllers\TenantAuthorizationTest" classname="Tests.Feature.Controllers.TenantAuthorizationTest" assertions="1" time="0.332734"/>
        <testcase name="policy_denies_normal_user_from_managing_tenant" file="/var/www/html/tests/Feature/Controllers/TenantAuthorizationTest.php" line="985" class="Tests\Feature\Controllers\TenantAuthorizationTest" classname="Tests.Feature.Controllers.TenantAuthorizationTest" assertions="1" time="0.378213"/>
        <testcase name="policy_allows_system_admin_to_delete_any_tenant" file="/var/www/html/tests/Feature/Controllers/TenantAuthorizationTest.php" line="993" class="Tests\Feature\Controllers\TenantAuthorizationTest" classname="Tests.Feature.Controllers.TenantAuthorizationTest" assertions="2" time="0.350674"/>
        <testcase name="policy_allows_tenancy_admin_to_delete_own_tenancy_tenant" file="/var/www/html/tests/Feature/Controllers/TenantAuthorizationTest.php" line="1004" class="Tests\Feature\Controllers\TenantAuthorizationTest" classname="Tests.Feature.Controllers.TenantAuthorizationTest" assertions="1" time="0.341371"/>
        <testcase name="policy_denies_tenancy_admin_from_deleting_other_tenancy_tenant" file="/var/www/html/tests/Feature/Controllers/TenantAuthorizationTest.php" line="1012" class="Tests\Feature\Controllers\TenantAuthorizationTest" classname="Tests.Feature.Controllers.TenantAuthorizationTest" assertions="1" time="0.368073"/>
        <testcase name="policy_denies_tenant_admin_from_deleting_any_tenant" file="/var/www/html/tests/Feature/Controllers/TenantAuthorizationTest.php" line="1020" class="Tests\Feature\Controllers\TenantAuthorizationTest" classname="Tests.Feature.Controllers.TenantAuthorizationTest" assertions="2" time="0.374909"/>
        <testcase name="policy_denies_normal_user_from_deleting_tenant" file="/var/www/html/tests/Feature/Controllers/TenantAuthorizationTest.php" line="1040" class="Tests\Feature\Controllers\TenantAuthorizationTest" classname="Tests.Feature.Controllers.TenantAuthorizationTest" assertions="1" time="0.384628"/>
      </testsuite>
      <testsuite name="Tests\Feature\DASH\Admin\Permission\CreatePermissionTest" file="/var/www/html/tests/Feature/DASH/Admin/Permission/CreatePermissionTest.php" tests="4" assertions="59" errors="0" failures="0" skipped="0" time="1.632486">
        <testcase name="guests_cannot_create_permissions" file="/var/www/html/tests/Feature/DASH/Admin/Permission/CreatePermissionTest.php" line="44" class="Tests\Feature\DASH\Admin\Permission\CreatePermissionTest" classname="Tests.Feature.DASH.Admin.Permission.CreatePermissionTest" assertions="1" time="0.209809"/>
        <testcase name="unauthorized_users_cannot_create_permissions" file="/var/www/html/tests/Feature/DASH/Admin/Permission/CreatePermissionTest.php" line="53" class="Tests\Feature\DASH\Admin\Permission\CreatePermissionTest" classname="Tests.Feature.DASH.Admin.Permission.CreatePermissionTest" assertions="1" time="0.398557"/>
        <testcase name="authorized_users_can_create_a_permission" file="/var/www/html/tests/Feature/DASH/Admin/Permission/CreatePermissionTest.php" line="64" class="Tests\Feature\DASH\Admin\Permission\CreatePermissionTest" classname="Tests.Feature.DASH.Admin.Permission.CreatePermissionTest" assertions="3" time="0.404614"/>
        <testcase name="the_attributes_are_validated_to_create_a_permission" file="/var/www/html/tests/Feature/DASH/Admin/Permission/CreatePermissionTest.php" line="85" class="Tests\Feature\DASH\Admin\Permission\CreatePermissionTest" classname="Tests.Feature.DASH.Admin.Permission.CreatePermissionTest" assertions="54" time="0.619505"/>
      </testsuite>
      <testsuite name="Tests\Feature\DASH\Admin\Permission\DeletePermissionTest" file="/var/www/html/tests/Feature/DASH/Admin/Permission/DeletePermissionTest.php" tests="3" assertions="5" errors="0" failures="0" skipped="0" time="0.999921">
        <testcase name="guests_cannot_delete_permissions" file="/var/www/html/tests/Feature/DASH/Admin/Permission/DeletePermissionTest.php" line="37" class="Tests\Feature\DASH\Admin\Permission\DeletePermissionTest" classname="Tests.Feature.DASH.Admin.Permission.DeletePermissionTest" assertions="1" time="0.171068"/>
        <testcase name="unauthorized_users_cannot_delete_permissions" file="/var/www/html/tests/Feature/DASH/Admin/Permission/DeletePermissionTest.php" line="46" class="Tests\Feature\DASH\Admin\Permission\DeletePermissionTest" classname="Tests.Feature.DASH.Admin.Permission.DeletePermissionTest" assertions="1" time="0.437930"/>
        <testcase name="authorized_users_can_delete_a_permission" file="/var/www/html/tests/Feature/DASH/Admin/Permission/DeletePermissionTest.php" line="59" class="Tests\Feature\DASH\Admin\Permission\DeletePermissionTest" classname="Tests.Feature.DASH.Admin.Permission.DeletePermissionTest" assertions="3" time="0.390923"/>
      </testsuite>
      <testsuite name="Tests\Feature\DASH\Admin\Permission\ReadPermissionTest" file="/var/www/html/tests/Feature/DASH/Admin/Permission/ReadPermissionTest.php" tests="4" assertions="45" errors="0" failures="0" skipped="0" time="1.324158">
        <testcase name="guests_cannot_fetch_permissions" file="/var/www/html/tests/Feature/DASH/Admin/Permission/ReadPermissionTest.php" line="29" class="Tests\Feature\DASH\Admin\Permission\ReadPermissionTest" classname="Tests.Feature.DASH.Admin.Permission.ReadPermissionTest" assertions="1" time="0.170052"/>
        <testcase name="unauthorized_users_cannot_fetch_permissions" file="/var/www/html/tests/Feature/DASH/Admin/Permission/ReadPermissionTest.php" line="38" class="Tests\Feature\DASH\Admin\Permission\ReadPermissionTest" classname="Tests.Feature.DASH.Admin.Permission.ReadPermissionTest" assertions="1" time="0.375026"/>
        <testcase name="authorized_users_can_fetch_a_list_of_permissions" file="/var/www/html/tests/Feature/DASH/Admin/Permission/ReadPermissionTest.php" line="49" class="Tests\Feature\DASH\Admin\Permission\ReadPermissionTest" classname="Tests.Feature.DASH.Admin.Permission.ReadPermissionTest" assertions="32" time="0.399908"/>
        <testcase name="authorized_users_can_fetch_a_single_permission" file="/var/www/html/tests/Feature/DASH/Admin/Permission/ReadPermissionTest.php" line="78" class="Tests\Feature\DASH\Admin\Permission\ReadPermissionTest" classname="Tests.Feature.DASH.Admin.Permission.ReadPermissionTest" assertions="11" time="0.379171"/>
      </testsuite>
      <testsuite name="Tests\Feature\DASH\Admin\Permission\UpdatePermissionTest" file="/var/www/html/tests/Feature/DASH/Admin/Permission/UpdatePermissionTest.php" tests="4" assertions="68" errors="0" failures="0" skipped="0" time="2.027156">
        <testcase name="guests_cannot_update_permissions" file="/var/www/html/tests/Feature/DASH/Admin/Permission/UpdatePermissionTest.php" line="39" class="Tests\Feature\DASH\Admin\Permission\UpdatePermissionTest" classname="Tests.Feature.DASH.Admin.Permission.UpdatePermissionTest" assertions="1" time="0.171253"/>
        <testcase name="unauthorized_users_cannot_update_permissions" file="/var/www/html/tests/Feature/DASH/Admin/Permission/UpdatePermissionTest.php" line="50" class="Tests\Feature\DASH\Admin\Permission\UpdatePermissionTest" classname="Tests.Feature.DASH.Admin.Permission.UpdatePermissionTest" assertions="1" time="0.394958"/>
        <testcase name="authorized_users_can_update_a_permission" file="/var/www/html/tests/Feature/DASH/Admin/Permission/UpdatePermissionTest.php" line="63" class="Tests\Feature\DASH\Admin\Permission\UpdatePermissionTest" classname="Tests.Feature.DASH.Admin.Permission.UpdatePermissionTest" assertions="12" time="0.405618"/>
        <testcase name="the_attributes_are_validated_to_update_a_permission" file="/var/www/html/tests/Feature/DASH/Admin/Permission/UpdatePermissionTest.php" line="103" class="Tests\Feature\DASH\Admin\Permission\UpdatePermissionTest" classname="Tests.Feature.DASH.Admin.Permission.UpdatePermissionTest" assertions="54" time="1.055327"/>
      </testsuite>
      <testsuite name="Tests\Feature\DASH\Admin\Role\CreateRoleTest" file="/var/www/html/tests/Feature/DASH/Admin/Role/CreateRoleTest.php" tests="4" assertions="46" errors="0" failures="0" skipped="0" time="1.500530">
        <testcase name="guests_cannot_create_roles" file="/var/www/html/tests/Feature/DASH/Admin/Role/CreateRoleTest.php" line="30" class="Tests\Feature\DASH\Admin\Role\CreateRoleTest" classname="Tests.Feature.DASH.Admin.Role.CreateRoleTest" assertions="1" time="0.173660"/>
        <testcase name="unauthorized_users_cannot_create_roles" file="/var/www/html/tests/Feature/DASH/Admin/Role/CreateRoleTest.php" line="39" class="Tests\Feature\DASH\Admin\Role\CreateRoleTest" classname="Tests.Feature.DASH.Admin.Role.CreateRoleTest" assertions="1" time="0.396008"/>
        <testcase name="authorized_users_can_create_a_role" file="/var/www/html/tests/Feature/DASH/Admin/Role/CreateRoleTest.php" line="50" class="Tests\Feature\DASH\Admin\Role\CreateRoleTest" classname="Tests.Feature.DASH.Admin.Role.CreateRoleTest" assertions="8" time="0.404143"/>
        <testcase name="the_attributes_are_validated_to_create_a_role" file="/var/www/html/tests/Feature/DASH/Admin/Role/CreateRoleTest.php" line="78" class="Tests\Feature\DASH\Admin\Role\CreateRoleTest" classname="Tests.Feature.DASH.Admin.Role.CreateRoleTest" assertions="36" time="0.526718"/>
      </testsuite>
      <testsuite name="Tests\Feature\DASH\Admin\Role\DeleteRoleTest" file="/var/www/html/tests/Feature/DASH/Admin/Role/DeleteRoleTest.php" tests="3" assertions="4" errors="0" failures="0" skipped="0" time="0.964546">
        <testcase name="guests_cannot_delete_roles" file="/var/www/html/tests/Feature/DASH/Admin/Role/DeleteRoleTest.php" line="28" class="Tests\Feature\DASH\Admin\Role\DeleteRoleTest" classname="Tests.Feature.DASH.Admin.Role.DeleteRoleTest" assertions="1" time="0.158874"/>
        <testcase name="unauthorized_users_cannot_delete_roles" file="/var/www/html/tests/Feature/DASH/Admin/Role/DeleteRoleTest.php" line="37" class="Tests\Feature\DASH\Admin\Role\DeleteRoleTest" classname="Tests.Feature.DASH.Admin.Role.DeleteRoleTest" assertions="1" time="0.406778"/>
        <testcase name="authorized_users_can_delete_a_role" file="/var/www/html/tests/Feature/DASH/Admin/Role/DeleteRoleTest.php" line="50" class="Tests\Feature\DASH\Admin\Role\DeleteRoleTest" classname="Tests.Feature.DASH.Admin.Role.DeleteRoleTest" assertions="2" time="0.398894"/>
      </testsuite>
      <testsuite name="Tests\Feature\DASH\Admin\Role\ReadRoleTest" file="/var/www/html/tests/Feature/DASH/Admin/Role/ReadRoleTest.php" tests="4" assertions="23" errors="0" failures="0" skipped="0" time="1.371075">
        <testcase name="guests_cannot_fetch_roles" file="/var/www/html/tests/Feature/DASH/Admin/Role/ReadRoleTest.php" line="29" class="Tests\Feature\DASH\Admin\Role\ReadRoleTest" classname="Tests.Feature.DASH.Admin.Role.ReadRoleTest" assertions="2" time="0.168036"/>
        <testcase name="unauthorized_users_cannot_fetch_roles" file="/var/www/html/tests/Feature/DASH/Admin/Role/ReadRoleTest.php" line="41" class="Tests\Feature\DASH\Admin\Role\ReadRoleTest" classname="Tests.Feature.DASH.Admin.Role.ReadRoleTest" assertions="2" time="0.405979"/>
        <testcase name="authorized_users_can_fetch_a_list_of_roles" file="/var/www/html/tests/Feature/DASH/Admin/Role/ReadRoleTest.php" line="57" class="Tests\Feature\DASH\Admin\Role\ReadRoleTest" classname="Tests.Feature.DASH.Admin.Role.ReadRoleTest" assertions="14" time="0.398614"/>
        <testcase name="authorized_users_can_fetch_a_single_role" file="/var/www/html/tests/Feature/DASH/Admin/Role/ReadRoleTest.php" line="80" class="Tests\Feature\DASH\Admin\Role\ReadRoleTest" classname="Tests.Feature.DASH.Admin.Role.ReadRoleTest" assertions="5" time="0.398446"/>
      </testsuite>
      <testsuite name="Tests\Feature\DASH\Admin\Role\UpdateRoleTest" file="/var/www/html/tests/Feature/DASH/Admin/Role/UpdateRoleTest.php" tests="4" assertions="45" errors="0" failures="0" skipped="0" time="1.857260">
        <testcase name="guests_cannot_update_roles" file="/var/www/html/tests/Feature/DASH/Admin/Role/UpdateRoleTest.php" line="30" class="Tests\Feature\DASH\Admin\Role\UpdateRoleTest" classname="Tests.Feature.DASH.Admin.Role.UpdateRoleTest" assertions="1" time="0.171800"/>
        <testcase name="unauthorized_users_cannot_update_roles" file="/var/www/html/tests/Feature/DASH/Admin/Role/UpdateRoleTest.php" line="39" class="Tests\Feature\DASH\Admin\Role\UpdateRoleTest" classname="Tests.Feature.DASH.Admin.Role.UpdateRoleTest" assertions="1" time="0.498575"/>
        <testcase name="authorized_users_can_update_a_role" file="/var/www/html/tests/Feature/DASH/Admin/Role/UpdateRoleTest.php" line="52" class="Tests\Feature\DASH\Admin\Role\UpdateRoleTest" classname="Tests.Feature.DASH.Admin.Role.UpdateRoleTest" assertions="7" time="0.444717"/>
        <testcase name="the_attributes_are_validated_to_update_a_role" file="/var/www/html/tests/Feature/DASH/Admin/Role/UpdateRoleTest.php" line="82" class="Tests\Feature\DASH\Admin\Role\UpdateRoleTest" classname="Tests.Feature.DASH.Admin.Role.UpdateRoleTest" assertions="36" time="0.742168"/>
      </testsuite>
      <testsuite name="Tests\Feature\DASH\Admin\RolePermission\ReadRolePermissionTest" file="/var/www/html/tests/Feature/DASH/Admin/RolePermission/ReadRolePermissionTest.php" tests="5" assertions="6" errors="0" failures="0" skipped="0" time="1.535186">
        <testcase name="guests_cannot_fetch_role_permissions" file="/var/www/html/tests/Feature/DASH/Admin/RolePermission/ReadRolePermissionTest.php" line="31" class="Tests\Feature\DASH\Admin\RolePermission\ReadRolePermissionTest" classname="Tests.Feature.DASH.Admin.RolePermission.ReadRolePermissionTest" assertions="1" time="0.164222"/>
        <testcase name="authorized_users_can_fetch_a_list_of_role_permissions" file="/var/www/html/tests/Feature/DASH/Admin/RolePermission/ReadRolePermissionTest.php" line="40" class="Tests\Feature\DASH\Admin\RolePermission\ReadRolePermissionTest" classname="Tests.Feature.DASH.Admin.RolePermission.ReadRolePermissionTest" assertions="2" time="0.403931"/>
        <testcase name="system_admin_can_fetch_role_permissions" file="/var/www/html/tests/Feature/DASH/Admin/RolePermission/ReadRolePermissionTest.php" line="61" class="Tests\Feature\DASH\Admin\RolePermission\ReadRolePermissionTest" classname="Tests.Feature.DASH.Admin.RolePermission.ReadRolePermissionTest" assertions="1" time="0.180696"/>
[...]
        <testcase name="it_calculates_tax_correctly_for_receipts" file="/var/www/html/tests/Unit/Services/ReceiptGenerationTest.php" line="153" class="Tests\Unit\Services\ReceiptGenerationTest" classname="Tests.Unit.Services.ReceiptGenerationTest" assertions="3" time="0.109342"/>
        <testcase name="it_includes_customer_info_in_receipt" file="/var/www/html/tests/Unit/Services/ReceiptGenerationTest.php" line="164" class="Tests\Unit\Services\ReceiptGenerationTest" classname="Tests.Unit.Services.ReceiptGenerationTest" assertions="4" time="0.119975"/>
        <testcase name="payment_model_correctly_identifies_receipt" file="/var/www/html/tests/Unit/Services/ReceiptGenerationTest.php" line="175" class="Tests\Unit\Services\ReceiptGenerationTest" classname="Tests.Unit.Services.ReceiptGenerationTest" assertions="2" time="0.103707"/>
        <testcase name="payment_model_correctly_identifies_invoice" file="/var/www/html/tests/Unit/Services/ReceiptGenerationTest.php" line="182" class="Tests\Unit\Services\ReceiptGenerationTest" classname="Tests.Unit.Services.ReceiptGenerationTest" assertions="2" time="0.123317"/>
        <testcase name="it_uses_receipt_footer_from_config" file="/var/www/html/tests/Unit/Services/ReceiptGenerationTest.php" line="201" class="Tests\Unit\Services\ReceiptGenerationTest" classname="Tests.Unit.Services.ReceiptGenerationTest" assertions="1" time="0.121588"/>
        <testcase name="generate_document_with_auto_uses_payment_document_type" file="/var/www/html/tests/Unit/Services/ReceiptGenerationTest.php" line="212" class="Tests\Unit\Services\ReceiptGenerationTest" classname="Tests.Unit.Services.ReceiptGenerationTest" assertions="3" time="0.198853"/>
        <testcase name="generate_document_with_explicit_type_overrides" file="/var/www/html/tests/Unit/Services/ReceiptGenerationTest.php" line="225" class="Tests\Unit\Services\ReceiptGenerationTest" classname="Tests.Unit.Services.ReceiptGenerationTest" assertions="2" time="0.156112"/>
        <testcase name="it_includes_payment_method_description" file="/var/www/html/tests/Unit/Services/ReceiptGenerationTest.php" line="237" class="Tests\Unit\Services\ReceiptGenerationTest" classname="Tests.Unit.Services.ReceiptGenerationTest" assertions="2" time="0.124471"/>
        <testcase name="it_includes_period_information" file="/var/www/html/tests/Unit/Services/ReceiptGenerationTest.php" line="246" class="Tests\Unit\Services\ReceiptGenerationTest" classname="Tests.Unit.Services.ReceiptGenerationTest" assertions="3" time="0.108733"/>
      </testsuite>
      <testsuite name="Tests\Unit\Services\TenancyServiceTest" file="/var/www/html/tests/Unit/Services/TenancyServiceTest.php" tests="5" assertions="9" errors="0" failures="0" skipped="0" time="0.503020">
        <testcase name="it_can_create_a_tenancy_with_default_gateway" file="/var/www/html/tests/Unit/Services/TenancyServiceTest.php" line="35" class="Tests\Unit\Services\TenancyServiceTest" classname="Tests.Unit.Services.TenancyServiceTest" assertions="2" time="0.114994"/>
        <testcase name="it_generates_slug_automatically" file="/var/www/html/tests/Unit/Services/TenancyServiceTest.php" line="57" class="Tests\Unit\Services\TenancyServiceTest" classname="Tests.Unit.Services.TenancyServiceTest" assertions="1" time="0.098525"/>
        <testcase name="it_can_suspend_a_tenancy" file="/var/www/html/tests/Unit/Services/TenancyServiceTest.php" line="72" class="Tests\Unit\Services\TenancyServiceTest" classname="Tests.Unit.Services.TenancyServiceTest" assertions="2" time="0.094596"/>
        <testcase name="it_can_reactivate_a_tenancy" file="/var/www/html/tests/Unit/Services/TenancyServiceTest.php" line="84" class="Tests\Unit\Services\TenancyServiceTest" classname="Tests.Unit.Services.TenancyServiceTest" assertions="2" time="0.099887"/>
        <testcase name="it_can_get_usage_statistics" file="/var/www/html/tests/Unit/Services/TenancyServiceTest.php" line="99" class="Tests\Unit\Services\TenancyServiceTest" classname="Tests.Unit.Services.TenancyServiceTest" assertions="2" time="0.095018"/>
      </testsuite>
      <testsuite name="Tests\Unit\Services\TenancySubscriptionServiceTest" file="/var/www/html/tests/Unit/Services/TenancySubscriptionServiceTest.php" tests="7" assertions="13" errors="0" failures="0" skipped="1" time="0.779085">
        <testcase name="it_can_create_trial_subscription" file="/var/www/html/tests/Unit/Services/TenancySubscriptionServiceTest.php" line="44" class="Tests\Unit\Services\TenancySubscriptionServiceTest" classname="Tests.Unit.Services.TenancySubscriptionServiceTest" assertions="3" time="0.107114"/>
        <testcase name="it_can_create_active_subscription" file="/var/www/html/tests/Unit/Services/TenancySubscriptionServiceTest.php" line="56" class="Tests\Unit\Services\TenancySubscriptionServiceTest" classname="Tests.Unit.Services.TenancySubscriptionServiceTest" assertions="2" time="0.105048"/>
        <testcase name="it_can_upgrade_subscription" file="/var/www/html/tests/Unit/Services/TenancySubscriptionServiceTest.php" line="67" class="Tests\Unit\Services\TenancySubscriptionServiceTest" classname="Tests.Unit.Services.TenancySubscriptionServiceTest" assertions="2" time="0.119207"/>
        <testcase name="it_validates_downgrade_conflicts" file="/var/www/html/tests/Unit/Services/TenancySubscriptionServiceTest.php" line="86" class="Tests\Unit\Services\TenancySubscriptionServiceTest" classname="Tests.Unit.Services.TenancySubscriptionServiceTest" assertions="0" time="0.080458">
          <skipped/>
        </testcase>
        <testcase name="it_allows_downgrade_when_usage_is_within_limits" file="/var/www/html/tests/Unit/Services/TenancySubscriptionServiceTest.php" line="94" class="Tests\Unit\Services\TenancySubscriptionServiceTest" classname="Tests.Unit.Services.TenancySubscriptionServiceTest" assertions="2" time="0.141186"/>
        <testcase name="it_can_cancel_subscription" file="/var/www/html/tests/Unit/Services/TenancySubscriptionServiceTest.php" line="119" class="Tests\Unit\Services\TenancySubscriptionServiceTest" classname="Tests.Unit.Services.TenancySubscriptionServiceTest" assertions="2" time="0.112534"/>
        <testcase name="it_can_renew_subscription" file="/var/www/html/tests/Unit/Services/TenancySubscriptionServiceTest.php" line="138" class="Tests\Unit\Services\TenancySubscriptionServiceTest" classname="Tests.Unit.Services.TenancySubscriptionServiceTest" assertions="2" time="0.113538"/>
      </testsuite>
      <testsuite name="Tests\Unit\Support\HelperTest" file="/var/www/html/tests/Unit/Support/HelperTest.php" tests="1" assertions="2" errors="0" failures="0" skipped="0" time="0.085392">
        <testcase name="can_check_if_a_route_is_private_or_not" file="/var/www/html/tests/Unit/Support/HelperTest.php" line="14" class="Tests\Unit\Support\HelperTest" classname="Tests.Unit.Support.HelperTest" assertions="2" time="0.085392"/>
      </testsuite>
      <testsuite name="Tests\Unit\TenancyAccountStatusTest" file="/var/www/html/tests/Unit/TenancyAccountStatusTest.php" tests="35" assertions="87" errors="0" failures="0" skipped="0" time="3.658381">
        <testcase name="it_has_all_expected_status_values" file="/var/www/html/tests/Unit/TenancyAccountStatusTest.php" line="92" class="Tests\Unit\TenancyAccountStatusTest" classname="Tests.Unit.TenancyAccountStatusTest" assertions="6" time="0.101749"/>
        <testcase name="active_status_allows_full_access" file="/var/www/html/tests/Unit/TenancyAccountStatusTest.php" line="105" class="Tests\Unit\TenancyAccountStatusTest" classname="Tests.Unit.TenancyAccountStatusTest" assertions="6" time="0.117739"/>
        <testcase name="canceled_status_allows_full_access" file="/var/www/html/tests/Unit/TenancyAccountStatusTest.php" line="118" class="Tests\Unit\TenancyAccountStatusTest" classname="Tests.Unit.TenancyAccountStatusTest" assertions="4" time="0.100937"/>
        <testcase name="expired_status_is_in_grace_period" file="/var/www/html/tests/Unit/TenancyAccountStatusTest.php" line="129" class="Tests\Unit\TenancyAccountStatusTest" classname="Tests.Unit.TenancyAccountStatusTest" assertions="5" time="0.107477"/>
        <testcase name="suspended_status_is_restricted" file="/var/www/html/tests/Unit/TenancyAccountStatusTest.php" line="141" class="Tests\Unit\TenancyAccountStatusTest" classname="Tests.Unit.TenancyAccountStatusTest" assertions="6" time="0.103482"/>
        <testcase name="soft_deleted_status_is_terminal" file="/var/www/html/tests/Unit/TenancyAccountStatusTest.php" line="154" class="Tests\Unit\TenancyAccountStatusTest" classname="Tests.Unit.TenancyAccountStatusTest" assertions="7" time="0.110610"/>
        <testcase name="active_can_transition_to_canceled" file="/var/www/html/tests/Unit/TenancyAccountStatusTest.php" line="172" class="Tests\Unit\TenancyAccountStatusTest" classname="Tests.Unit.TenancyAccountStatusTest" assertions="2" time="0.105425"/>
        <testcase name="active_can_transition_to_expired" file="/var/www/html/tests/Unit/TenancyAccountStatusTest.php" line="181" class="Tests\Unit\TenancyAccountStatusTest" classname="Tests.Unit.TenancyAccountStatusTest" assertions="2" time="0.099978"/>
        <testcase name="active_cannot_directly_transition_to_suspended" file="/var/www/html/tests/Unit/TenancyAccountStatusTest.php" line="190" class="Tests\Unit\TenancyAccountStatusTest" classname="Tests.Unit.TenancyAccountStatusTest" assertions="1" time="0.110729"/>
        <testcase name="canceled_can_transition_to_suspended" file="/var/www/html/tests/Unit/TenancyAccountStatusTest.php" line="198" class="Tests\Unit\TenancyAccountStatusTest" classname="Tests.Unit.TenancyAccountStatusTest" assertions="1" time="0.094465"/>
        <testcase name="canceled_can_transition_to_active_via_resubscribe" file="/var/www/html/tests/Unit/TenancyAccountStatusTest.php" line="206" class="Tests\Unit\TenancyAccountStatusTest" classname="Tests.Unit.TenancyAccountStatusTest" assertions="1" time="0.096212"/>
        <testcase name="expired_can_transition_to_suspended" file="/var/www/html/tests/Unit/TenancyAccountStatusTest.php" line="214" class="Tests\Unit\TenancyAccountStatusTest" classname="Tests.Unit.TenancyAccountStatusTest" assertions="1" time="0.105320"/>
        <testcase name="expired_can_transition_to_active_via_payment" file="/var/www/html/tests/Unit/TenancyAccountStatusTest.php" line="222" class="Tests\Unit\TenancyAccountStatusTest" classname="Tests.Unit.TenancyAccountStatusTest" assertions="1" time="0.099051"/>
        <testcase name="suspended_can_transition_to_soft_deleted" file="/var/www/html/tests/Unit/TenancyAccountStatusTest.php" line="230" class="Tests\Unit\TenancyAccountStatusTest" classname="Tests.Unit.TenancyAccountStatusTest" assertions="1" time="0.092439"/>
        <testcase name="suspended_can_transition_to_active_via_resubscribe" file="/var/www/html/tests/Unit/TenancyAccountStatusTest.php" line="238" class="Tests\Unit\TenancyAccountStatusTest" classname="Tests.Unit.TenancyAccountStatusTest" assertions="1" time="0.108846"/>
        <testcase name="soft_deleted_has_no_allowed_transitions" file="/var/www/html/tests/Unit/TenancyAccountStatusTest.php" line="246" class="Tests\Unit\TenancyAccountStatusTest" classname="Tests.Unit.TenancyAccountStatusTest" assertions="3" time="0.096023"/>
        <testcase name="tenancy_unsubscribed_event_has_correct_properties" file="/var/www/html/tests/Unit/TenancyAccountStatusTest.php" line="260" class="Tests\Unit\TenancyAccountStatusTest" classname="Tests.Unit.TenancyAccountStatusTest" assertions="3" time="0.106082"/>
        <testcase name="tenancy_account_suspended_event_has_correct_properties" file="/var/www/html/tests/Unit/TenancyAccountStatusTest.php" line="280" class="Tests\Unit\TenancyAccountStatusTest" classname="Tests.Unit.TenancyAccountStatusTest" assertions="2" time="0.112673"/>
        <testcase name="tenancy_account_pending_deletion_event_has_correct_properties" file="/var/www/html/tests/Unit/TenancyAccountStatusTest.php" line="292" class="Tests\Unit\TenancyAccountStatusTest" classname="Tests.Unit.TenancyAccountStatusTest" assertions="2" time="0.098551"/>
        <testcase name="tenancy_account_reactivated_event_has_correct_properties" file="/var/www/html/tests/Unit/TenancyAccountStatusTest.php" line="306" class="Tests\Unit\TenancyAccountStatusTest" classname="Tests.Unit.TenancyAccountStatusTest" assertions="3" time="0.102346"/>
        <testcase name="subscription_canceled_mail_can_be_built" file="/var/www/html/tests/Unit/TenancyAccountStatusTest.php" line="329" class="Tests\Unit\TenancyAccountStatusTest" classname="Tests.Unit.TenancyAccountStatusTest" assertions="2" time="0.111012"/>
        <testcase name="account_suspended_mail_can_be_built" file="/var/www/html/tests/Unit/TenancyAccountStatusTest.php" line="345" class="Tests\Unit\TenancyAccountStatusTest" classname="Tests.Unit.TenancyAccountStatusTest" assertions="2" time="0.099802"/>
        <testcase name="pending_deletion_mail_can_be_built" file="/var/www/html/tests/Unit/TenancyAccountStatusTest.php" line="359" class="Tests\Unit\TenancyAccountStatusTest" classname="Tests.Unit.TenancyAccountStatusTest" assertions="2" time="0.097402"/>
        <testcase name="account_reactivated_mail_can_be_built" file="/var/www/html/tests/Unit/TenancyAccountStatusTest.php" line="375" class="Tests\Unit\TenancyAccountStatusTest" classname="Tests.Unit.TenancyAccountStatusTest" assertions="2" time="0.116002"/>
        <testcase name="unsubscribed_event_is_dispatched_correctly" file="/var/www/html/tests/Unit/TenancyAccountStatusTest.php" line="394" class="Tests\Unit\TenancyAccountStatusTest" classname="Tests.Unit.TenancyAccountStatusTest" assertions="1" time="0.100470"/>
        <testcase name="suspended_event_is_dispatched_correctly" file="/var/www/html/tests/Unit/TenancyAccountStatusTest.php" line="416" class="Tests\Unit\TenancyAccountStatusTest" classname="Tests.Unit.TenancyAccountStatusTest" assertions="1" time="0.093972"/>
        <testcase name="pending_deletion_event_is_dispatched_correctly" file="/var/www/html/tests/Unit/TenancyAccountStatusTest.php" line="432" class="Tests\Unit\TenancyAccountStatusTest" classname="Tests.Unit.TenancyAccountStatusTest" assertions="1" time="0.116889"/>
        <testcase name="reactivated_event_is_dispatched_correctly" file="/var/www/html/tests/Unit/TenancyAccountStatusTest.php" line="450" class="Tests\Unit\TenancyAccountStatusTest" classname="Tests.Unit.TenancyAccountStatusTest" assertions="1" time="0.104972"/>
        <testcase name="unsubscribed_event_triggers_email_sending" file="/var/www/html/tests/Unit/TenancyAccountStatusTest.php" line="471" class="Tests\Unit\TenancyAccountStatusTest" classname="Tests.Unit.TenancyAccountStatusTest" assertions="1" time="0.118326"/>
        <testcase name="suspended_event_triggers_email_sending" file="/var/www/html/tests/Unit/TenancyAccountStatusTest.php" line="493" class="Tests\Unit\TenancyAccountStatusTest" classname="Tests.Unit.TenancyAccountStatusTest" assertions="1" time="0.113378"/>
        <testcase name="pending_deletion_event_triggers_email_sending" file="/var/www/html/tests/Unit/TenancyAccountStatusTest.php" line="508" class="Tests\Unit\TenancyAccountStatusTest" classname="Tests.Unit.TenancyAccountStatusTest" assertions="1" time="0.105367"/>
        <testcase name="reactivated_event_triggers_email_sending" file="/var/www/html/tests/Unit/TenancyAccountStatusTest.php" line="523" class="Tests\Unit\TenancyAccountStatusTest" classname="Tests.Unit.TenancyAccountStatusTest" assertions="1" time="0.105789"/>
        <testcase name="status_has_labels" file="/var/www/html/tests/Unit/TenancyAccountStatusTest.php" line="543" class="Tests\Unit\TenancyAccountStatusTest" classname="Tests.Unit.TenancyAccountStatusTest" assertions="5" time="0.108913"/>
        <testcase name="status_has_descriptions" file="/var/www/html/tests/Unit/TenancyAccountStatusTest.php" line="552" class="Tests\Unit\TenancyAccountStatusTest" classname="Tests.Unit.TenancyAccountStatusTest" assertions="5" time="0.100252"/>
        <testcase name="status_has_blocked_message_keys" file="/var/www/html/tests/Unit/TenancyAccountStatusTest.php" line="561" class="Tests\Unit\TenancyAccountStatusTest" classname="Tests.Unit.TenancyAccountStatusTest" assertions="3" time="0.095704"/>
      </testsuite>
      <testsuite name="Tests\Unit\TenancyModelTest" file="/var/www/html/tests/Unit/TenancyModelTest.php" tests="4" assertions="7" errors="0" failures="0" skipped="0" time="0.400226">
        <testcase name="it_can_create_a_tenancy" file="/var/www/html/tests/Unit/TenancyModelTest.php" line="28" class="Tests\Unit\TenancyModelTest" classname="Tests.Unit.TenancyModelTest" assertions="1" time="0.109559"/>
        <testcase name="it_can_check_trial_status" file="/var/www/html/tests/Unit/TenancyModelTest.php" line="47" class="Tests\Unit\TenancyModelTest" classname="Tests.Unit.TenancyModelTest" assertions="2" time="0.096851"/>
        <testcase name="it_can_suspend_tenancy" file="/var/www/html/tests/Unit/TenancyModelTest.php" line="64" class="Tests\Unit\TenancyModelTest" classname="Tests.Unit.TenancyModelTest" assertions="2" time="0.102161"/>
        <testcase name="it_can_store_and_retrieve_settings" file="/var/www/html/tests/Unit/TenancyModelTest.php" line="82" class="Tests\Unit\TenancyModelTest" classname="Tests.Unit.TenancyModelTest" assertions="2" time="0.091655"/>
      </testsuite>
      <testsuite name="Tests\Unit\TenantEmailConversionTest" file="/var/www/html/tests/Unit/TenantEmailConversionTest.php" tests="3" assertions="13" errors="0" failures="0" skipped="0" time="0.005060">
        <testcase name="email_template_converts_stdclass_tenant_data_to_array" file="/var/www/html/tests/Unit/TenantEmailConversionTest.php" line="10" class="Tests\Unit\TenantEmailConversionTest" classname="Tests.Unit.TenantEmailConversionTest" assertions="4" time="0.003658"/>
        <testcase name="email_template_converts_nested_stdclass_tenant_data_to_array" file="/var/www/html/tests/Unit/TenantEmailConversionTest.php" line="48" class="Tests\Unit\TenantEmailConversionTest" classname="Tests.Unit.TenantEmailConversionTest" assertions="6" time="0.000507"/>
        <testcase name="email_template_handles_malformed_json_gracefully" file="/var/www/html/tests/Unit/TenantEmailConversionTest.php" line="90" class="Tests\Unit\TenantEmailConversionTest" classname="Tests.Unit.TenantEmailConversionTest" assertions="3" time="0.000895"/>
      </testsuite>
      <testsuite name="Tests\Unit\Traits\SecureDeletesTest" file="/var/www/html/tests/Unit/Traits/SecureDeletesTest.php" tests="2" assertions="2" errors="0" failures="0" skipped="0" time="0.175373">
        <testcase name="independent_models_are_marked_as_deleted_when_has_dependent_models" file="/var/www/html/tests/Unit/Traits/SecureDeletesTest.php" line="81" class="Tests\Unit\Traits\SecureDeletesTest" classname="Tests.Unit.Traits.SecureDeletesTest" assertions="1" time="0.086485"/>
        <testcase name="independent_models_are_deleted_when_dont_has_dependent_models" file="/var/www/html/tests/Unit/Traits/SecureDeletesTest.php" line="95" class="Tests\Unit\Traits\SecureDeletesTest" classname="Tests.Unit.Traits.SecureDeletesTest" assertions="1" time="0.088888"/>
      </testsuite>
      <testsuite name="Tests\Unit\UuidV7Test" file="/var/www/html/tests/Unit/UuidV7Test.php" tests="2" assertions="0" errors="0" failures="0" skipped="2" time="0.180963">
        <testcase name="test_tab_has_uuid_v7" file="/var/www/html/tests/Unit/UuidV7Test.php" line="48" class="Tests\Unit\UuidV7Test" classname="Tests.Unit.UuidV7Test" assertions="0" time="0.096616">
          <skipped/>
        </testcase>
        <testcase name="test_order_has_uuid_v7" file="/var/www/html/tests/Unit/UuidV7Test.php" line="75" class="Tests\Unit\UuidV7Test" classname="Tests.Unit.UuidV7Test" assertions="0" time="0.084348">
          <skipped/>
        </testcase>
      </testsuite>
    </testsuite>
  </testsuite>
</testsuites>
